{"D:\\Projects\\demo\\car_wash_app\\backend_nodejs\\index.js": {"path":"D:\\Projects\\demo\\car_wash_app\\backend_nodejs\\index.js","statementMap":{"0":{"start":{"line":1,"column":16},"end":{"line":1,"column":34}},"1":{"start":{"line":2,"column":19},"end":{"line":2,"column":41}},"2":{"start":{"line":3,"column":13},"end":{"line":3,"column":28}},"3":{"start":{"line":4,"column":15},"end":{"line":4,"column":32}},"4":{"start":{"line":5,"column":22},"end":{"line":5,"column":59}},"5":{"start":{"line":6,"column":22},"end":{"line":6,"column":59}},"6":{"start":{"line":7,"column":22},"end":{"line":7,"column":59}},"7":{"start":{"line":8,"column":23},"end":{"line":8,"column":61}},"8":{"start":{"line":9,"column":20},"end":{"line":9,"column":55}},"9":{"start":{"line":10,"column":25},"end":{"line":10,"column":65}},"10":{"start":{"line":11,"column":19},"end":{"line":11,"column":53}},"11":{"start":{"line":12,"column":20},"end":{"line":12,"column":54}},"12":{"start":{"line":13,"column":13},"end":{"line":13,"column":41}},"13":{"start":{"line":15,"column":12},"end":{"line":15,"column":21}},"14":{"start":{"line":16,"column":13},"end":{"line":16,"column":17}},"15":{"start":{"line":18,"column":0},"end":{"line":18,"column":16}},"16":{"start":{"line":21,"column":11},"end":{"line":21,"column":30}},"17":{"start":{"line":22,"column":0},"end":{"line":28,"column":5}},"18":{"start":{"line":27,"column":4},"end":{"line":27,"column":53}},"19":{"start":{"line":32,"column":0},"end":{"line":32,"column":52}},"20":{"start":{"line":33,"column":0},"end":{"line":33,"column":27}},"21":{"start":{"line":35,"column":0},"end":{"line":35,"column":32}},"22":{"start":{"line":36,"column":0},"end":{"line":36,"column":39}},"23":{"start":{"line":37,"column":0},"end":{"line":37,"column":39}},"24":{"start":{"line":38,"column":0},"end":{"line":38,"column":39}},"25":{"start":{"line":39,"column":0},"end":{"line":39,"column":41}},"26":{"start":{"line":40,"column":0},"end":{"line":40,"column":45}},"27":{"start":{"line":41,"column":0},"end":{"line":41,"column":35}},"28":{"start":{"line":42,"column":0},"end":{"line":42,"column":34}},"29":{"start":{"line":44,"column":0},"end":{"line":46,"column":3}},"30":{"start":{"line":45,"column":4},"end":{"line":45,"column":42}},"31":{"start":{"line":48,"column":0},"end":{"line":50,"column":2}},"32":{"start":{"line":49,"column":2},"end":{"line":49,"column":52}},"33":{"start":{"line":52,"column":0},"end":{"line":52,"column":21}}},"fnMap":{"0":{"name":"(anonymous_0)","decl":{"start":{"line":23,"column":8},"end":{"line":23,"column":9}},"loc":{"start":{"line":23,"column":14},"end":{"line":25,"column":3}},"line":23},"1":{"name":"(anonymous_1)","decl":{"start":{"line":26,"column":9},"end":{"line":26,"column":10}},"loc":{"start":{"line":26,"column":18},"end":{"line":28,"column":3}},"line":26},"2":{"name":"(anonymous_2)","decl":{"start":{"line":44,"column":16},"end":{"line":44,"column":17}},"loc":{"start":{"line":44,"column":30},"end":{"line":46,"column":1}},"line":44},"3":{"name":"(anonymous_3)","decl":{"start":{"line":48,"column":25},"end":{"line":48,"column":26}},"loc":{"start":{"line":48,"column":36},"end":{"line":50,"column":1}},"line":48}},"branchMap":{},"s":{"0":1,"1":1,"2":1,"3":1,"4":1,"5":1,"6":1,"7":1,"8":1,"9":1,"10":1,"11":1,"12":1,"13":1,"14":1,"15":1,"16":1,"17":1,"18":0,"19":1,"20":1,"21":1,"22":1,"23":1,"24":1,"25":1,"26":1,"27":1,"28":1,"29":1,"30":0,"31":1,"32":0,"33":1},"f":{"0":1,"1":0,"2":0,"3":0},"b":{},"_coverageSchema":"1a1c01bbd47fc00a2c39e90264f33305004495a9","hash":"0f341cf4894ef9104f4c1897b1f7a14850de572c"}
,"D:\\Projects\\demo\\car_wash_app\\backend_nodejs\\config\\databaseConnection.js": {"path":"D:\\Projects\\demo\\car_wash_app\\backend_nodejs\\config\\databaseConnection.js","statementMap":{"0":{"start":{"line":1,"column":0},"end":{"line":1,"column":27}},"1":{"start":{"line":2,"column":19},"end":{"line":2,"column":35}},"2":{"start":{"line":3,"column":19},"end":{"line":9,"column":2}},"3":{"start":{"line":11,"column":0},"end":{"line":11,"column":21}},"4":{"start":{"line":15,"column":0},"end":{"line":15,"column":28}}},"fnMap":{},"branchMap":{},"s":{"0":1,"1":1,"2":1,"3":1,"4":1},"f":{},"b":{},"_coverageSchema":"1a1c01bbd47fc00a2c39e90264f33305004495a9","hash":"37dddc2cf5f11cb8d897fa0fd4106c5cfbc1d001"}
,"D:\\Projects\\demo\\car_wash_app\\backend_nodejs\\config\\db.config.js": {"path":"D:\\Projects\\demo\\car_wash_app\\backend_nodejs\\config\\db.config.js","statementMap":{"0":{"start":{"line":1,"column":0},"end":{"line":1,"column":27}},"1":{"start":{"line":2,"column":0},"end":{"line":15,"column":4}}},"fnMap":{},"branchMap":{},"s":{"0":1,"1":1},"f":{},"b":{},"_coverageSchema":"1a1c01bbd47fc00a2c39e90264f33305004495a9","hash":"2f734b447d5f132327847fae043eb12ea135fe33"}
,"D:\\Projects\\demo\\car_wash_app\\backend_nodejs\\controllers\\activity.controller.js": {"path":"D:\\Projects\\demo\\car_wash_app\\backend_nodejs\\controllers\\activity.controller.js","statementMap":{"0":{"start":{"line":1,"column":11},"end":{"line":1,"column":31}},"1":{"start":{"line":2,"column":23},"end":{"line":2,"column":43}},"2":{"start":{"line":3,"column":17},"end":{"line":3,"column":30}},"3":{"start":{"line":4,"column":11},"end":{"line":4,"column":26}},"4":{"start":{"line":7,"column":0},"end":{"line":43,"column":2}},"5":{"start":{"line":9,"column":2},"end":{"line":14,"column":3}},"6":{"start":{"line":10,"column":4},"end":{"line":12,"column":7}},"7":{"start":{"line":13,"column":4},"end":{"line":13,"column":11}},"8":{"start":{"line":16,"column":2},"end":{"line":21,"column":3}},"9":{"start":{"line":17,"column":4},"end":{"line":19,"column":7}},"10":{"start":{"line":20,"column":4},"end":{"line":20,"column":11}},"11":{"start":{"line":24,"column":19},"end":{"line":30,"column":3}},"12":{"start":{"line":33,"column":2},"end":{"line":42,"column":7}},"13":{"start":{"line":35,"column":6},"end":{"line":35,"column":21}},"14":{"start":{"line":38,"column":6},"end":{"line":41,"column":9}},"15":{"start":{"line":46,"column":0},"end":{"line":60,"column":2}},"16":{"start":{"line":47,"column":15},"end":{"line":47,"column":29}},"17":{"start":{"line":48,"column":18},"end":{"line":48,"column":68}},"18":{"start":{"line":50,"column":2},"end":{"line":59,"column":7}},"19":{"start":{"line":52,"column":6},"end":{"line":52,"column":21}},"20":{"start":{"line":55,"column":6},"end":{"line":58,"column":9}},"21":{"start":{"line":63,"column":0},"end":{"line":81,"column":2}},"22":{"start":{"line":64,"column":13},"end":{"line":64,"column":26}},"23":{"start":{"line":66,"column":2},"end":{"line":80,"column":7}},"24":{"start":{"line":68,"column":6},"end":{"line":74,"column":7}},"25":{"start":{"line":69,"column":8},"end":{"line":69,"column":23}},"26":{"start":{"line":71,"column":8},"end":{"line":73,"column":11}},"27":{"start":{"line":77,"column":6},"end":{"line":79,"column":9}},"28":{"start":{"line":84,"column":0},"end":{"line":106,"column":2}},"29":{"start":{"line":85,"column":13},"end":{"line":85,"column":26}},"30":{"start":{"line":87,"column":2},"end":{"line":105,"column":7}},"31":{"start":{"line":91,"column":6},"end":{"line":99,"column":7}},"32":{"start":{"line":92,"column":8},"end":{"line":94,"column":11}},"33":{"start":{"line":96,"column":8},"end":{"line":98,"column":11}},"34":{"start":{"line":102,"column":6},"end":{"line":104,"column":9}},"35":{"start":{"line":109,"column":0},"end":{"line":131,"column":2}},"36":{"start":{"line":110,"column":13},"end":{"line":110,"column":26}},"37":{"start":{"line":112,"column":2},"end":{"line":130,"column":7}},"38":{"start":{"line":116,"column":6},"end":{"line":124,"column":7}},"39":{"start":{"line":117,"column":8},"end":{"line":119,"column":11}},"40":{"start":{"line":121,"column":8},"end":{"line":123,"column":11}},"41":{"start":{"line":127,"column":6},"end":{"line":129,"column":9}},"42":{"start":{"line":134,"column":0},"end":{"line":148,"column":2}},"43":{"start":{"line":135,"column":2},"end":{"line":147,"column":7}},"44":{"start":{"line":140,"column":6},"end":{"line":140,"column":76}},"45":{"start":{"line":143,"column":6},"end":{"line":146,"column":9}},"46":{"start":{"line":150,"column":0},"end":{"line":164,"column":2}},"47":{"start":{"line":151,"column":16},"end":{"line":156,"column":4}},"48":{"start":{"line":157,"column":6},"end":{"line":163,"column":7}},"49":{"start":{"line":158,"column":8},"end":{"line":158,"column":23}},"50":{"start":{"line":160,"column":8},"end":{"line":162,"column":11}},"51":{"start":{"line":167,"column":0},"end":{"line":198,"column":2}},"52":{"start":{"line":169,"column":2},"end":{"line":171,"column":3}},"53":{"start":{"line":170,"column":4},"end":{"line":170,"column":11}},"54":{"start":{"line":173,"column":2},"end":{"line":175,"column":3}},"55":{"start":{"line":174,"column":4},"end":{"line":174,"column":11}},"56":{"start":{"line":177,"column":2},"end":{"line":179,"column":3}},"57":{"start":{"line":178,"column":4},"end":{"line":178,"column":11}},"58":{"start":{"line":182,"column":19},"end":{"line":188,"column":3}},"59":{"start":{"line":191,"column":17},"end":{"line":191,"column":48}},"60":{"start":{"line":192,"column":2},"end":{"line":197,"column":3}},"61":{"start":{"line":193,"column":4},"end":{"line":193,"column":30}},"62":{"start":{"line":194,"column":4},"end":{"line":194,"column":14}},"63":{"start":{"line":196,"column":4},"end":{"line":196,"column":18}},"64":{"start":{"line":200,"column":0},"end":{"line":216,"column":2}},"65":{"start":{"line":201,"column":13},"end":{"line":201,"column":26}},"66":{"start":{"line":202,"column":16},"end":{"line":208,"column":4}},"67":{"start":{"line":209,"column":6},"end":{"line":215,"column":7}},"68":{"start":{"line":210,"column":8},"end":{"line":210,"column":23}},"69":{"start":{"line":212,"column":8},"end":{"line":214,"column":11}},"70":{"start":{"line":219,"column":0},"end":{"line":236,"column":2}},"71":{"start":{"line":220,"column":4},"end":{"line":234,"column":5}},"72":{"start":{"line":221,"column":19},"end":{"line":221,"column":30}},"73":{"start":{"line":222,"column":23},"end":{"line":222,"column":38}},"74":{"start":{"line":224,"column":27},"end":{"line":224,"column":54}},"75":{"start":{"line":226,"column":8},"end":{"line":226,"column":35}},"76":{"start":{"line":228,"column":8},"end":{"line":228,"column":26}},"77":{"start":{"line":230,"column":8},"end":{"line":230,"column":37}},"78":{"start":{"line":233,"column":8},"end":{"line":233,"column":31}}},"fnMap":{"0":{"name":"(anonymous_0)","decl":{"start":{"line":7,"column":17},"end":{"line":7,"column":18}},"loc":{"start":{"line":7,"column":37},"end":{"line":43,"column":1}},"line":7},"1":{"name":"(anonymous_1)","decl":{"start":{"line":34,"column":10},"end":{"line":34,"column":11}},"loc":{"start":{"line":34,"column":20},"end":{"line":36,"column":5}},"line":34},"2":{"name":"(anonymous_2)","decl":{"start":{"line":37,"column":11},"end":{"line":37,"column":12}},"loc":{"start":{"line":37,"column":20},"end":{"line":42,"column":5}},"line":37},"3":{"name":"(anonymous_3)","decl":{"start":{"line":46,"column":18},"end":{"line":46,"column":19}},"loc":{"start":{"line":46,"column":32},"end":{"line":60,"column":1}},"line":46},"4":{"name":"(anonymous_4)","decl":{"start":{"line":51,"column":10},"end":{"line":51,"column":11}},"loc":{"start":{"line":51,"column":20},"end":{"line":53,"column":5}},"line":51},"5":{"name":"(anonymous_5)","decl":{"start":{"line":54,"column":11},"end":{"line":54,"column":12}},"loc":{"start":{"line":54,"column":20},"end":{"line":59,"column":5}},"line":54},"6":{"name":"(anonymous_6)","decl":{"start":{"line":63,"column":18},"end":{"line":63,"column":19}},"loc":{"start":{"line":63,"column":32},"end":{"line":81,"column":1}},"line":63},"7":{"name":"(anonymous_7)","decl":{"start":{"line":67,"column":10},"end":{"line":67,"column":11}},"loc":{"start":{"line":67,"column":20},"end":{"line":75,"column":5}},"line":67},"8":{"name":"(anonymous_8)","decl":{"start":{"line":76,"column":11},"end":{"line":76,"column":12}},"loc":{"start":{"line":76,"column":20},"end":{"line":80,"column":5}},"line":76},"9":{"name":"(anonymous_9)","decl":{"start":{"line":84,"column":17},"end":{"line":84,"column":18}},"loc":{"start":{"line":84,"column":31},"end":{"line":106,"column":1}},"line":84},"10":{"name":"(anonymous_10)","decl":{"start":{"line":90,"column":10},"end":{"line":90,"column":11}},"loc":{"start":{"line":90,"column":19},"end":{"line":100,"column":5}},"line":90},"11":{"name":"(anonymous_11)","decl":{"start":{"line":101,"column":11},"end":{"line":101,"column":12}},"loc":{"start":{"line":101,"column":20},"end":{"line":105,"column":5}},"line":101},"12":{"name":"(anonymous_12)","decl":{"start":{"line":109,"column":17},"end":{"line":109,"column":18}},"loc":{"start":{"line":109,"column":31},"end":{"line":131,"column":1}},"line":109},"13":{"name":"(anonymous_13)","decl":{"start":{"line":115,"column":10},"end":{"line":115,"column":11}},"loc":{"start":{"line":115,"column":19},"end":{"line":125,"column":5}},"line":115},"14":{"name":"(anonymous_14)","decl":{"start":{"line":126,"column":11},"end":{"line":126,"column":12}},"loc":{"start":{"line":126,"column":20},"end":{"line":130,"column":5}},"line":126},"15":{"name":"(anonymous_15)","decl":{"start":{"line":134,"column":20},"end":{"line":134,"column":21}},"loc":{"start":{"line":134,"column":34},"end":{"line":148,"column":1}},"line":134},"16":{"name":"(anonymous_16)","decl":{"start":{"line":139,"column":10},"end":{"line":139,"column":11}},"loc":{"start":{"line":139,"column":20},"end":{"line":141,"column":5}},"line":139},"17":{"name":"(anonymous_17)","decl":{"start":{"line":142,"column":11},"end":{"line":142,"column":12}},"loc":{"start":{"line":142,"column":20},"end":{"line":147,"column":5}},"line":142},"18":{"name":"(anonymous_18)","decl":{"start":{"line":150,"column":15},"end":{"line":150,"column":16}},"loc":{"start":{"line":150,"column":34},"end":{"line":164,"column":1}},"line":150},"19":{"name":"(anonymous_19)","decl":{"start":{"line":167,"column":19},"end":{"line":167,"column":20}},"loc":{"start":{"line":167,"column":58},"end":{"line":198,"column":1}},"line":167},"20":{"name":"(anonymous_20)","decl":{"start":{"line":200,"column":20},"end":{"line":200,"column":21}},"loc":{"start":{"line":200,"column":39},"end":{"line":216,"column":1}},"line":200},"21":{"name":"(anonymous_21)","decl":{"start":{"line":219,"column":23},"end":{"line":219,"column":24}},"loc":{"start":{"line":219,"column":43},"end":{"line":236,"column":1}},"line":219}},"branchMap":{"0":{"loc":{"start":{"line":9,"column":2},"end":{"line":14,"column":3}},"type":"if","locations":[{"start":{"line":9,"column":2},"end":{"line":14,"column":3}},{"start":{},"end":{}}],"line":9},"1":{"loc":{"start":{"line":16,"column":2},"end":{"line":21,"column":3}},"type":"if","locations":[{"start":{"line":16,"column":2},"end":{"line":21,"column":3}},{"start":{},"end":{}}],"line":16},"2":{"loc":{"start":{"line":40,"column":10},"end":{"line":40,"column":75}},"type":"binary-expr","locations":[{"start":{"line":40,"column":10},"end":{"line":40,"column":21}},{"start":{"line":40,"column":25},"end":{"line":40,"column":75}}],"line":40},"3":{"loc":{"start":{"line":48,"column":18},"end":{"line":48,"column":68}},"type":"cond-expr","locations":[{"start":{"line":48,"column":25},"end":{"line":48,"column":61}},{"start":{"line":48,"column":64},"end":{"line":48,"column":68}}],"line":48},"4":{"loc":{"start":{"line":57,"column":10},"end":{"line":57,"column":75}},"type":"binary-expr","locations":[{"start":{"line":57,"column":10},"end":{"line":57,"column":21}},{"start":{"line":57,"column":25},"end":{"line":57,"column":75}}],"line":57},"5":{"loc":{"start":{"line":68,"column":6},"end":{"line":74,"column":7}},"type":"if","locations":[{"start":{"line":68,"column":6},"end":{"line":74,"column":7}},{"start":{"line":70,"column":13},"end":{"line":74,"column":7}}],"line":68},"6":{"loc":{"start":{"line":91,"column":6},"end":{"line":99,"column":7}},"type":"if","locations":[{"start":{"line":91,"column":6},"end":{"line":99,"column":7}},{"start":{"line":95,"column":13},"end":{"line":99,"column":7}}],"line":91},"7":{"loc":{"start":{"line":116,"column":6},"end":{"line":124,"column":7}},"type":"if","locations":[{"start":{"line":116,"column":6},"end":{"line":124,"column":7}},{"start":{"line":120,"column":13},"end":{"line":124,"column":7}}],"line":116},"8":{"loc":{"start":{"line":145,"column":10},"end":{"line":145,"column":77}},"type":"binary-expr","locations":[{"start":{"line":145,"column":10},"end":{"line":145,"column":21}},{"start":{"line":145,"column":25},"end":{"line":145,"column":77}}],"line":145},"9":{"loc":{"start":{"line":157,"column":6},"end":{"line":163,"column":7}},"type":"if","locations":[{"start":{"line":157,"column":6},"end":{"line":163,"column":7}},{"start":{"line":159,"column":13},"end":{"line":163,"column":7}}],"line":157},"10":{"loc":{"start":{"line":169,"column":2},"end":{"line":171,"column":3}},"type":"if","locations":[{"start":{"line":169,"column":2},"end":{"line":171,"column":3}},{"start":{},"end":{}}],"line":169},"11":{"loc":{"start":{"line":173,"column":2},"end":{"line":175,"column":3}},"type":"if","locations":[{"start":{"line":173,"column":2},"end":{"line":175,"column":3}},{"start":{},"end":{}}],"line":173},"12":{"loc":{"start":{"line":177,"column":2},"end":{"line":179,"column":3}},"type":"if","locations":[{"start":{"line":177,"column":2},"end":{"line":179,"column":3}},{"start":{},"end":{}}],"line":177},"13":{"loc":{"start":{"line":192,"column":2},"end":{"line":197,"column":3}},"type":"if","locations":[{"start":{"line":192,"column":2},"end":{"line":197,"column":3}},{"start":{"line":195,"column":9},"end":{"line":197,"column":3}}],"line":192},"14":{"loc":{"start":{"line":209,"column":6},"end":{"line":215,"column":7}},"type":"if","locations":[{"start":{"line":209,"column":6},"end":{"line":215,"column":7}},{"start":{"line":211,"column":13},"end":{"line":215,"column":7}}],"line":209}},"s":{"0":1,"1":1,"2":1,"3":1,"4":1,"5":0,"6":0,"7":0,"8":0,"9":0,"10":0,"11":0,"12":0,"13":0,"14":0,"15":1,"16":0,"17":0,"18":0,"19":0,"20":0,"21":1,"22":0,"23":0,"24":0,"25":0,"26":0,"27":0,"28":1,"29":0,"30":0,"31":0,"32":0,"33":0,"34":0,"35":1,"36":0,"37":0,"38":0,"39":0,"40":0,"41":0,"42":1,"43":0,"44":0,"45":0,"46":1,"47":0,"48":0,"49":0,"50":0,"51":1,"52":0,"53":0,"54":0,"55":0,"56":0,"57":0,"58":0,"59":0,"60":0,"61":0,"62":0,"63":0,"64":1,"65":0,"66":0,"67":0,"68":0,"69":0,"70":1,"71":0,"72":0,"73":0,"74":0,"75":0,"76":0,"77":0,"78":0},"f":{"0":0,"1":0,"2":0,"3":0,"4":0,"5":0,"6":0,"7":0,"8":0,"9":0,"10":0,"11":0,"12":0,"13":0,"14":0,"15":0,"16":0,"17":0,"18":0,"19":0,"20":0,"21":0},"b":{"0":[0,0],"1":[0,0],"2":[0,0],"3":[0,0],"4":[0,0],"5":[0,0],"6":[0,0],"7":[0,0],"8":[0,0],"9":[0,0],"10":[0,0],"11":[0,0],"12":[0,0],"13":[0,0],"14":[0,0]},"_coverageSchema":"1a1c01bbd47fc00a2c39e90264f33305004495a9","hash":"02b0f1437f30312c49846c05acd851fe614c9140"}
,"D:\\Projects\\demo\\car_wash_app\\backend_nodejs\\controllers\\car.controller.js": {"path":"D:\\Projects\\demo\\car_wash_app\\backend_nodejs\\controllers\\car.controller.js","statementMap":{"0":{"start":{"line":1,"column":11},"end":{"line":1,"column":31}},"1":{"start":{"line":2,"column":12},"end":{"line":2,"column":19}},"2":{"start":{"line":3,"column":11},"end":{"line":3,"column":26}},"3":{"start":{"line":6,"column":0},"end":{"line":47,"column":2}},"4":{"start":{"line":8,"column":2},"end":{"line":13,"column":3}},"5":{"start":{"line":9,"column":4},"end":{"line":11,"column":7}},"6":{"start":{"line":12,"column":4},"end":{"line":12,"column":11}},"7":{"start":{"line":15,"column":2},"end":{"line":20,"column":3}},"8":{"start":{"line":16,"column":4},"end":{"line":18,"column":7}},"9":{"start":{"line":19,"column":4},"end":{"line":19,"column":11}},"10":{"start":{"line":22,"column":2},"end":{"line":27,"column":3}},"11":{"start":{"line":23,"column":4},"end":{"line":25,"column":7}},"12":{"start":{"line":26,"column":4},"end":{"line":26,"column":11}},"13":{"start":{"line":30,"column":14},"end":{"line":35,"column":3}},"14":{"start":{"line":38,"column":2},"end":{"line":46,"column":7}},"15":{"start":{"line":40,"column":6},"end":{"line":40,"column":21}},"16":{"start":{"line":43,"column":6},"end":{"line":45,"column":9}},"17":{"start":{"line":50,"column":0},"end":{"line":65,"column":2}},"18":{"start":{"line":51,"column":25},"end":{"line":51,"column":47}},"19":{"start":{"line":52,"column":20},"end":{"line":54,"column":12}},"20":{"start":{"line":56,"column":4},"end":{"line":64,"column":5}},"21":{"start":{"line":58,"column":4},"end":{"line":58,"column":19}},"22":{"start":{"line":61,"column":4},"end":{"line":63,"column":7}},"23":{"start":{"line":68,"column":0},"end":{"line":86,"column":2}},"24":{"start":{"line":69,"column":15},"end":{"line":69,"column":28}},"25":{"start":{"line":71,"column":4},"end":{"line":85,"column":9}},"26":{"start":{"line":73,"column":8},"end":{"line":79,"column":9}},"27":{"start":{"line":74,"column":10},"end":{"line":74,"column":25}},"28":{"start":{"line":76,"column":10},"end":{"line":78,"column":13}},"29":{"start":{"line":82,"column":8},"end":{"line":84,"column":11}},"30":{"start":{"line":89,"column":0},"end":{"line":115,"column":2}},"31":{"start":{"line":90,"column":15},"end":{"line":90,"column":28}},"32":{"start":{"line":92,"column":4},"end":{"line":94,"column":7}},"33":{"start":{"line":93,"column":6},"end":{"line":93,"column":25}},"34":{"start":{"line":96,"column":4},"end":{"line":114,"column":9}},"35":{"start":{"line":100,"column":8},"end":{"line":108,"column":9}},"36":{"start":{"line":101,"column":10},"end":{"line":103,"column":13}},"37":{"start":{"line":105,"column":10},"end":{"line":107,"column":13}},"38":{"start":{"line":111,"column":8},"end":{"line":113,"column":11}},"39":{"start":{"line":118,"column":0},"end":{"line":140,"column":2}},"40":{"start":{"line":119,"column":15},"end":{"line":119,"column":28}},"41":{"start":{"line":121,"column":4},"end":{"line":139,"column":9}},"42":{"start":{"line":125,"column":8},"end":{"line":133,"column":9}},"43":{"start":{"line":126,"column":10},"end":{"line":128,"column":13}},"44":{"start":{"line":130,"column":10},"end":{"line":132,"column":13}},"45":{"start":{"line":136,"column":8},"end":{"line":138,"column":11}},"46":{"start":{"line":143,"column":0},"end":{"line":157,"column":2}},"47":{"start":{"line":144,"column":4},"end":{"line":156,"column":9}},"48":{"start":{"line":149,"column":8},"end":{"line":149,"column":73}},"49":{"start":{"line":152,"column":8},"end":{"line":155,"column":11}},"50":{"start":{"line":159,"column":0},"end":{"line":172,"column":2}},"51":{"start":{"line":160,"column":18},"end":{"line":163,"column":3}},"52":{"start":{"line":165,"column":17},"end":{"line":165,"column":56}},"53":{"start":{"line":166,"column":2},"end":{"line":171,"column":3}},"54":{"start":{"line":167,"column":4},"end":{"line":167,"column":30}},"55":{"start":{"line":168,"column":4},"end":{"line":168,"column":14}},"56":{"start":{"line":170,"column":4},"end":{"line":170,"column":18}},"57":{"start":{"line":174,"column":0},"end":{"line":213,"column":2}},"58":{"start":{"line":176,"column":2},"end":{"line":181,"column":3}},"59":{"start":{"line":177,"column":4},"end":{"line":179,"column":7}},"60":{"start":{"line":180,"column":4},"end":{"line":180,"column":11}},"61":{"start":{"line":183,"column":2},"end":{"line":188,"column":3}},"62":{"start":{"line":184,"column":4},"end":{"line":186,"column":7}},"63":{"start":{"line":187,"column":4},"end":{"line":187,"column":11}},"64":{"start":{"line":190,"column":2},"end":{"line":195,"column":3}},"65":{"start":{"line":191,"column":4},"end":{"line":193,"column":7}},"66":{"start":{"line":194,"column":4},"end":{"line":194,"column":11}},"67":{"start":{"line":198,"column":14},"end":{"line":203,"column":3}},"68":{"start":{"line":206,"column":17},"end":{"line":206,"column":38}},"69":{"start":{"line":207,"column":2},"end":{"line":212,"column":3}},"70":{"start":{"line":208,"column":4},"end":{"line":208,"column":30}},"71":{"start":{"line":209,"column":4},"end":{"line":209,"column":14}},"72":{"start":{"line":211,"column":4},"end":{"line":211,"column":18}}},"fnMap":{"0":{"name":"(anonymous_0)","decl":{"start":{"line":6,"column":17},"end":{"line":6,"column":18}},"loc":{"start":{"line":6,"column":37},"end":{"line":47,"column":1}},"line":6},"1":{"name":"(anonymous_1)","decl":{"start":{"line":39,"column":10},"end":{"line":39,"column":11}},"loc":{"start":{"line":39,"column":20},"end":{"line":41,"column":5}},"line":39},"2":{"name":"(anonymous_2)","decl":{"start":{"line":42,"column":11},"end":{"line":42,"column":12}},"loc":{"start":{"line":42,"column":20},"end":{"line":46,"column":5}},"line":42},"3":{"name":"(anonymous_3)","decl":{"start":{"line":50,"column":18},"end":{"line":50,"column":19}},"loc":{"start":{"line":50,"column":32},"end":{"line":65,"column":1}},"line":50},"4":{"name":"(anonymous_4)","decl":{"start":{"line":57,"column":8},"end":{"line":57,"column":9}},"loc":{"start":{"line":57,"column":18},"end":{"line":59,"column":3}},"line":57},"5":{"name":"(anonymous_5)","decl":{"start":{"line":60,"column":9},"end":{"line":60,"column":10}},"loc":{"start":{"line":60,"column":18},"end":{"line":64,"column":3}},"line":60},"6":{"name":"(anonymous_6)","decl":{"start":{"line":68,"column":18},"end":{"line":68,"column":19}},"loc":{"start":{"line":68,"column":32},"end":{"line":86,"column":1}},"line":68},"7":{"name":"(anonymous_7)","decl":{"start":{"line":72,"column":12},"end":{"line":72,"column":13}},"loc":{"start":{"line":72,"column":22},"end":{"line":80,"column":7}},"line":72},"8":{"name":"(anonymous_8)","decl":{"start":{"line":81,"column":13},"end":{"line":81,"column":14}},"loc":{"start":{"line":81,"column":22},"end":{"line":85,"column":7}},"line":81},"9":{"name":"(anonymous_9)","decl":{"start":{"line":89,"column":17},"end":{"line":89,"column":18}},"loc":{"start":{"line":89,"column":31},"end":{"line":115,"column":1}},"line":89},"10":{"name":"(anonymous_10)","decl":{"start":{"line":92,"column":17},"end":{"line":92,"column":18}},"loc":{"start":{"line":92,"column":26},"end":{"line":94,"column":5}},"line":92},"11":{"name":"(anonymous_11)","decl":{"start":{"line":99,"column":12},"end":{"line":99,"column":13}},"loc":{"start":{"line":99,"column":21},"end":{"line":109,"column":7}},"line":99},"12":{"name":"(anonymous_12)","decl":{"start":{"line":110,"column":13},"end":{"line":110,"column":14}},"loc":{"start":{"line":110,"column":22},"end":{"line":114,"column":7}},"line":110},"13":{"name":"(anonymous_13)","decl":{"start":{"line":118,"column":17},"end":{"line":118,"column":18}},"loc":{"start":{"line":118,"column":31},"end":{"line":140,"column":1}},"line":118},"14":{"name":"(anonymous_14)","decl":{"start":{"line":124,"column":12},"end":{"line":124,"column":13}},"loc":{"start":{"line":124,"column":21},"end":{"line":134,"column":7}},"line":124},"15":{"name":"(anonymous_15)","decl":{"start":{"line":135,"column":13},"end":{"line":135,"column":14}},"loc":{"start":{"line":135,"column":22},"end":{"line":139,"column":7}},"line":135},"16":{"name":"(anonymous_16)","decl":{"start":{"line":143,"column":20},"end":{"line":143,"column":21}},"loc":{"start":{"line":143,"column":34},"end":{"line":157,"column":1}},"line":143},"17":{"name":"(anonymous_17)","decl":{"start":{"line":148,"column":12},"end":{"line":148,"column":13}},"loc":{"start":{"line":148,"column":22},"end":{"line":150,"column":7}},"line":148},"18":{"name":"(anonymous_18)","decl":{"start":{"line":151,"column":13},"end":{"line":151,"column":14}},"loc":{"start":{"line":151,"column":22},"end":{"line":156,"column":7}},"line":151},"19":{"name":"(anonymous_19)","decl":{"start":{"line":159,"column":18},"end":{"line":159,"column":19}},"loc":{"start":{"line":159,"column":48},"end":{"line":172,"column":1}},"line":159},"20":{"name":"(anonymous_20)","decl":{"start":{"line":174,"column":19},"end":{"line":174,"column":20}},"loc":{"start":{"line":174,"column":62},"end":{"line":213,"column":1}},"line":174}},"branchMap":{"0":{"loc":{"start":{"line":8,"column":2},"end":{"line":13,"column":3}},"type":"if","locations":[{"start":{"line":8,"column":2},"end":{"line":13,"column":3}},{"start":{},"end":{}}],"line":8},"1":{"loc":{"start":{"line":15,"column":2},"end":{"line":20,"column":3}},"type":"if","locations":[{"start":{"line":15,"column":2},"end":{"line":20,"column":3}},{"start":{},"end":{}}],"line":15},"2":{"loc":{"start":{"line":22,"column":2},"end":{"line":27,"column":3}},"type":"if","locations":[{"start":{"line":22,"column":2},"end":{"line":27,"column":3}},{"start":{},"end":{}}],"line":22},"3":{"loc":{"start":{"line":44,"column":17},"end":{"line":44,"column":77}},"type":"binary-expr","locations":[{"start":{"line":44,"column":17},"end":{"line":44,"column":28}},{"start":{"line":44,"column":32},"end":{"line":44,"column":77}}],"line":44},"4":{"loc":{"start":{"line":52,"column":20},"end":{"line":54,"column":12}},"type":"cond-expr","locations":[{"start":{"line":53,"column":8},"end":{"line":53,"column":60}},{"start":{"line":54,"column":8},"end":{"line":54,"column":12}}],"line":52},"5":{"loc":{"start":{"line":62,"column":15},"end":{"line":62,"column":74}},"type":"binary-expr","locations":[{"start":{"line":62,"column":15},"end":{"line":62,"column":26}},{"start":{"line":62,"column":30},"end":{"line":62,"column":74}}],"line":62},"6":{"loc":{"start":{"line":73,"column":8},"end":{"line":79,"column":9}},"type":"if","locations":[{"start":{"line":73,"column":8},"end":{"line":79,"column":9}},{"start":{"line":75,"column":15},"end":{"line":79,"column":9}}],"line":73},"7":{"loc":{"start":{"line":100,"column":8},"end":{"line":108,"column":9}},"type":"if","locations":[{"start":{"line":100,"column":8},"end":{"line":108,"column":9}},{"start":{"line":104,"column":15},"end":{"line":108,"column":9}}],"line":100},"8":{"loc":{"start":{"line":125,"column":8},"end":{"line":133,"column":9}},"type":"if","locations":[{"start":{"line":125,"column":8},"end":{"line":133,"column":9}},{"start":{"line":129,"column":15},"end":{"line":133,"column":9}}],"line":125},"9":{"loc":{"start":{"line":154,"column":12},"end":{"line":154,"column":73}},"type":"binary-expr","locations":[{"start":{"line":154,"column":12},"end":{"line":154,"column":23}},{"start":{"line":154,"column":27},"end":{"line":154,"column":73}}],"line":154},"10":{"loc":{"start":{"line":166,"column":2},"end":{"line":171,"column":3}},"type":"if","locations":[{"start":{"line":166,"column":2},"end":{"line":171,"column":3}},{"start":{"line":169,"column":9},"end":{"line":171,"column":3}}],"line":166},"11":{"loc":{"start":{"line":176,"column":2},"end":{"line":181,"column":3}},"type":"if","locations":[{"start":{"line":176,"column":2},"end":{"line":181,"column":3}},{"start":{},"end":{}}],"line":176},"12":{"loc":{"start":{"line":183,"column":2},"end":{"line":188,"column":3}},"type":"if","locations":[{"start":{"line":183,"column":2},"end":{"line":188,"column":3}},{"start":{},"end":{}}],"line":183},"13":{"loc":{"start":{"line":190,"column":2},"end":{"line":195,"column":3}},"type":"if","locations":[{"start":{"line":190,"column":2},"end":{"line":195,"column":3}},{"start":{},"end":{}}],"line":190},"14":{"loc":{"start":{"line":207,"column":2},"end":{"line":212,"column":3}},"type":"if","locations":[{"start":{"line":207,"column":2},"end":{"line":212,"column":3}},{"start":{"line":210,"column":9},"end":{"line":212,"column":3}}],"line":207}},"s":{"0":1,"1":1,"2":1,"3":1,"4":5,"5":1,"6":1,"7":4,"8":1,"9":1,"10":3,"11":1,"12":1,"13":2,"14":2,"15":2,"16":0,"17":1,"18":1,"19":1,"20":1,"21":1,"22":0,"23":1,"24":2,"25":2,"26":2,"27":1,"28":1,"29":0,"30":1,"31":3,"32":3,"33":0,"34":0,"35":0,"36":0,"37":0,"38":0,"39":1,"40":0,"41":0,"42":0,"43":0,"44":0,"45":0,"46":1,"47":0,"48":0,"49":0,"50":1,"51":0,"52":0,"53":0,"54":0,"55":0,"56":0,"57":1,"58":0,"59":0,"60":0,"61":0,"62":0,"63":0,"64":0,"65":0,"66":0,"67":0,"68":0,"69":0,"70":0,"71":0,"72":0},"f":{"0":5,"1":2,"2":0,"3":1,"4":1,"5":0,"6":2,"7":2,"8":0,"9":3,"10":0,"11":0,"12":0,"13":0,"14":0,"15":0,"16":0,"17":0,"18":0,"19":0,"20":0},"b":{"0":[1,4],"1":[1,3],"2":[1,2],"3":[0,0],"4":[0,1],"5":[0,0],"6":[1,1],"7":[0,0],"8":[0,0],"9":[0,0],"10":[0,0],"11":[0,0],"12":[0,0],"13":[0,0],"14":[0,0]},"_coverageSchema":"1a1c01bbd47fc00a2c39e90264f33305004495a9","hash":"8c8b462493bfc2f8e95c58f63508b60dffd39c1d"}
,"D:\\Projects\\demo\\car_wash_app\\backend_nodejs\\controllers\\car_size.controller.js": {"path":"D:\\Projects\\demo\\car_wash_app\\backend_nodejs\\controllers\\car_size.controller.js","statementMap":{"0":{"start":{"line":1,"column":11},"end":{"line":1,"column":31}},"1":{"start":{"line":2,"column":16},"end":{"line":2,"column":28}},"2":{"start":{"line":3,"column":11},"end":{"line":3,"column":26}},"3":{"start":{"line":6,"column":0},"end":{"line":38,"column":2}},"4":{"start":{"line":8,"column":2},"end":{"line":13,"column":3}},"5":{"start":{"line":9,"column":4},"end":{"line":11,"column":7}},"6":{"start":{"line":12,"column":4},"end":{"line":12,"column":11}},"7":{"start":{"line":15,"column":2},"end":{"line":20,"column":3}},"8":{"start":{"line":16,"column":4},"end":{"line":18,"column":7}},"9":{"start":{"line":19,"column":4},"end":{"line":19,"column":11}},"10":{"start":{"line":23,"column":18},"end":{"line":26,"column":3}},"11":{"start":{"line":29,"column":2},"end":{"line":37,"column":7}},"12":{"start":{"line":31,"column":6},"end":{"line":31,"column":21}},"13":{"start":{"line":34,"column":6},"end":{"line":36,"column":9}},"14":{"start":{"line":41,"column":0},"end":{"line":54,"column":2}},"15":{"start":{"line":42,"column":17},"end":{"line":42,"column":31}},"16":{"start":{"line":43,"column":20},"end":{"line":43,"column":70}},"17":{"start":{"line":45,"column":4},"end":{"line":53,"column":9}},"18":{"start":{"line":47,"column":8},"end":{"line":47,"column":23}},"19":{"start":{"line":50,"column":8},"end":{"line":52,"column":11}},"20":{"start":{"line":57,"column":0},"end":{"line":75,"column":2}},"21":{"start":{"line":58,"column":15},"end":{"line":58,"column":28}},"22":{"start":{"line":60,"column":4},"end":{"line":74,"column":9}},"23":{"start":{"line":62,"column":8},"end":{"line":68,"column":9}},"24":{"start":{"line":63,"column":10},"end":{"line":63,"column":25}},"25":{"start":{"line":65,"column":10},"end":{"line":67,"column":13}},"26":{"start":{"line":71,"column":8},"end":{"line":73,"column":11}},"27":{"start":{"line":78,"column":0},"end":{"line":100,"column":2}},"28":{"start":{"line":79,"column":15},"end":{"line":79,"column":28}},"29":{"start":{"line":81,"column":4},"end":{"line":99,"column":9}},"30":{"start":{"line":85,"column":8},"end":{"line":93,"column":9}},"31":{"start":{"line":86,"column":10},"end":{"line":88,"column":13}},"32":{"start":{"line":90,"column":10},"end":{"line":92,"column":13}},"33":{"start":{"line":96,"column":8},"end":{"line":98,"column":11}},"34":{"start":{"line":103,"column":0},"end":{"line":125,"column":2}},"35":{"start":{"line":104,"column":15},"end":{"line":104,"column":28}},"36":{"start":{"line":106,"column":4},"end":{"line":124,"column":9}},"37":{"start":{"line":110,"column":8},"end":{"line":118,"column":9}},"38":{"start":{"line":111,"column":10},"end":{"line":113,"column":13}},"39":{"start":{"line":115,"column":10},"end":{"line":117,"column":13}},"40":{"start":{"line":121,"column":8},"end":{"line":123,"column":11}},"41":{"start":{"line":128,"column":0},"end":{"line":142,"column":2}},"42":{"start":{"line":129,"column":4},"end":{"line":141,"column":9}},"43":{"start":{"line":134,"column":8},"end":{"line":134,"column":78}},"44":{"start":{"line":137,"column":8},"end":{"line":140,"column":11}},"45":{"start":{"line":144,"column":0},"end":{"line":175,"column":2}},"46":{"start":{"line":147,"column":2},"end":{"line":152,"column":3}},"47":{"start":{"line":148,"column":4},"end":{"line":150,"column":7}},"48":{"start":{"line":151,"column":4},"end":{"line":151,"column":11}},"49":{"start":{"line":154,"column":2},"end":{"line":159,"column":3}},"50":{"start":{"line":155,"column":4},"end":{"line":157,"column":7}},"51":{"start":{"line":158,"column":4},"end":{"line":158,"column":11}},"52":{"start":{"line":162,"column":18},"end":{"line":165,"column":3}},"53":{"start":{"line":168,"column":17},"end":{"line":168,"column":46}},"54":{"start":{"line":169,"column":2},"end":{"line":174,"column":3}},"55":{"start":{"line":170,"column":4},"end":{"line":170,"column":30}},"56":{"start":{"line":171,"column":4},"end":{"line":171,"column":14}},"57":{"start":{"line":173,"column":4},"end":{"line":173,"column":18}},"58":{"start":{"line":177,"column":0},"end":{"line":180,"column":2}},"59":{"start":{"line":178,"column":17},"end":{"line":178,"column":65}},"60":{"start":{"line":179,"column":2},"end":{"line":179,"column":16}}},"fnMap":{"0":{"name":"(anonymous_0)","decl":{"start":{"line":6,"column":17},"end":{"line":6,"column":18}},"loc":{"start":{"line":6,"column":37},"end":{"line":38,"column":1}},"line":6},"1":{"name":"(anonymous_1)","decl":{"start":{"line":30,"column":10},"end":{"line":30,"column":11}},"loc":{"start":{"line":30,"column":20},"end":{"line":32,"column":5}},"line":30},"2":{"name":"(anonymous_2)","decl":{"start":{"line":33,"column":11},"end":{"line":33,"column":12}},"loc":{"start":{"line":33,"column":20},"end":{"line":37,"column":5}},"line":33},"3":{"name":"(anonymous_3)","decl":{"start":{"line":41,"column":18},"end":{"line":41,"column":19}},"loc":{"start":{"line":41,"column":32},"end":{"line":54,"column":1}},"line":41},"4":{"name":"(anonymous_4)","decl":{"start":{"line":46,"column":12},"end":{"line":46,"column":13}},"loc":{"start":{"line":46,"column":22},"end":{"line":48,"column":7}},"line":46},"5":{"name":"(anonymous_5)","decl":{"start":{"line":49,"column":13},"end":{"line":49,"column":14}},"loc":{"start":{"line":49,"column":22},"end":{"line":53,"column":7}},"line":49},"6":{"name":"(anonymous_6)","decl":{"start":{"line":57,"column":18},"end":{"line":57,"column":19}},"loc":{"start":{"line":57,"column":32},"end":{"line":75,"column":1}},"line":57},"7":{"name":"(anonymous_7)","decl":{"start":{"line":61,"column":12},"end":{"line":61,"column":13}},"loc":{"start":{"line":61,"column":22},"end":{"line":69,"column":7}},"line":61},"8":{"name":"(anonymous_8)","decl":{"start":{"line":70,"column":13},"end":{"line":70,"column":14}},"loc":{"start":{"line":70,"column":22},"end":{"line":74,"column":7}},"line":70},"9":{"name":"(anonymous_9)","decl":{"start":{"line":78,"column":17},"end":{"line":78,"column":18}},"loc":{"start":{"line":78,"column":31},"end":{"line":100,"column":1}},"line":78},"10":{"name":"(anonymous_10)","decl":{"start":{"line":84,"column":12},"end":{"line":84,"column":13}},"loc":{"start":{"line":84,"column":21},"end":{"line":94,"column":7}},"line":84},"11":{"name":"(anonymous_11)","decl":{"start":{"line":95,"column":13},"end":{"line":95,"column":14}},"loc":{"start":{"line":95,"column":22},"end":{"line":99,"column":7}},"line":95},"12":{"name":"(anonymous_12)","decl":{"start":{"line":103,"column":17},"end":{"line":103,"column":18}},"loc":{"start":{"line":103,"column":31},"end":{"line":125,"column":1}},"line":103},"13":{"name":"(anonymous_13)","decl":{"start":{"line":109,"column":12},"end":{"line":109,"column":13}},"loc":{"start":{"line":109,"column":21},"end":{"line":119,"column":7}},"line":109},"14":{"name":"(anonymous_14)","decl":{"start":{"line":120,"column":13},"end":{"line":120,"column":14}},"loc":{"start":{"line":120,"column":22},"end":{"line":124,"column":7}},"line":120},"15":{"name":"(anonymous_15)","decl":{"start":{"line":128,"column":20},"end":{"line":128,"column":21}},"loc":{"start":{"line":128,"column":34},"end":{"line":142,"column":1}},"line":128},"16":{"name":"(anonymous_16)","decl":{"start":{"line":133,"column":12},"end":{"line":133,"column":13}},"loc":{"start":{"line":133,"column":22},"end":{"line":135,"column":7}},"line":133},"17":{"name":"(anonymous_17)","decl":{"start":{"line":136,"column":13},"end":{"line":136,"column":14}},"loc":{"start":{"line":136,"column":22},"end":{"line":141,"column":7}},"line":136},"18":{"name":"(anonymous_18)","decl":{"start":{"line":144,"column":19},"end":{"line":144,"column":20}},"loc":{"start":{"line":144,"column":41},"end":{"line":175,"column":1}},"line":144},"19":{"name":"(anonymous_19)","decl":{"start":{"line":177,"column":21},"end":{"line":177,"column":22}},"loc":{"start":{"line":177,"column":37},"end":{"line":180,"column":1}},"line":177}},"branchMap":{"0":{"loc":{"start":{"line":8,"column":2},"end":{"line":13,"column":3}},"type":"if","locations":[{"start":{"line":8,"column":2},"end":{"line":13,"column":3}},{"start":{},"end":{}}],"line":8},"1":{"loc":{"start":{"line":15,"column":2},"end":{"line":20,"column":3}},"type":"if","locations":[{"start":{"line":15,"column":2},"end":{"line":20,"column":3}},{"start":{},"end":{}}],"line":15},"2":{"loc":{"start":{"line":35,"column":17},"end":{"line":35,"column":82}},"type":"binary-expr","locations":[{"start":{"line":35,"column":17},"end":{"line":35,"column":28}},{"start":{"line":35,"column":32},"end":{"line":35,"column":82}}],"line":35},"3":{"loc":{"start":{"line":43,"column":20},"end":{"line":43,"column":70}},"type":"cond-expr","locations":[{"start":{"line":43,"column":27},"end":{"line":43,"column":63}},{"start":{"line":43,"column":66},"end":{"line":43,"column":70}}],"line":43},"4":{"loc":{"start":{"line":51,"column":19},"end":{"line":51,"column":83}},"type":"binary-expr","locations":[{"start":{"line":51,"column":19},"end":{"line":51,"column":30}},{"start":{"line":51,"column":34},"end":{"line":51,"column":83}}],"line":51},"5":{"loc":{"start":{"line":62,"column":8},"end":{"line":68,"column":9}},"type":"if","locations":[{"start":{"line":62,"column":8},"end":{"line":68,"column":9}},{"start":{"line":64,"column":15},"end":{"line":68,"column":9}}],"line":62},"6":{"loc":{"start":{"line":85,"column":8},"end":{"line":93,"column":9}},"type":"if","locations":[{"start":{"line":85,"column":8},"end":{"line":93,"column":9}},{"start":{"line":89,"column":15},"end":{"line":93,"column":9}}],"line":85},"7":{"loc":{"start":{"line":110,"column":8},"end":{"line":118,"column":9}},"type":"if","locations":[{"start":{"line":110,"column":8},"end":{"line":118,"column":9}},{"start":{"line":114,"column":15},"end":{"line":118,"column":9}}],"line":110},"8":{"loc":{"start":{"line":139,"column":12},"end":{"line":139,"column":78}},"type":"binary-expr","locations":[{"start":{"line":139,"column":12},"end":{"line":139,"column":23}},{"start":{"line":139,"column":27},"end":{"line":139,"column":78}}],"line":139},"9":{"loc":{"start":{"line":147,"column":2},"end":{"line":152,"column":3}},"type":"if","locations":[{"start":{"line":147,"column":2},"end":{"line":152,"column":3}},{"start":{},"end":{}}],"line":147},"10":{"loc":{"start":{"line":154,"column":2},"end":{"line":159,"column":3}},"type":"if","locations":[{"start":{"line":154,"column":2},"end":{"line":159,"column":3}},{"start":{},"end":{}}],"line":154},"11":{"loc":{"start":{"line":169,"column":2},"end":{"line":174,"column":3}},"type":"if","locations":[{"start":{"line":169,"column":2},"end":{"line":174,"column":3}},{"start":{"line":172,"column":9},"end":{"line":174,"column":3}}],"line":169}},"s":{"0":1,"1":1,"2":1,"3":1,"4":0,"5":0,"6":0,"7":0,"8":0,"9":0,"10":0,"11":0,"12":0,"13":0,"14":1,"15":0,"16":0,"17":0,"18":0,"19":0,"20":1,"21":0,"22":0,"23":0,"24":0,"25":0,"26":0,"27":1,"28":0,"29":0,"30":0,"31":0,"32":0,"33":0,"34":1,"35":0,"36":0,"37":0,"38":0,"39":0,"40":0,"41":1,"42":0,"43":0,"44":0,"45":1,"46":0,"47":0,"48":0,"49":0,"50":0,"51":0,"52":0,"53":0,"54":0,"55":0,"56":0,"57":0,"58":1,"59":0,"60":0},"f":{"0":0,"1":0,"2":0,"3":0,"4":0,"5":0,"6":0,"7":0,"8":0,"9":0,"10":0,"11":0,"12":0,"13":0,"14":0,"15":0,"16":0,"17":0,"18":0,"19":0},"b":{"0":[0,0],"1":[0,0],"2":[0,0],"3":[0,0],"4":[0,0],"5":[0,0],"6":[0,0],"7":[0,0],"8":[0,0],"9":[0,0],"10":[0,0],"11":[0,0]},"_coverageSchema":"1a1c01bbd47fc00a2c39e90264f33305004495a9","hash":"a718b2bf301f1b6b073f1e8fea34f99bfb829d77"}
,"D:\\Projects\\demo\\car_wash_app\\backend_nodejs\\controllers\\price.controller.js": {"path":"D:\\Projects\\demo\\car_wash_app\\backend_nodejs\\controllers\\price.controller.js","statementMap":{"0":{"start":{"line":1,"column":11},"end":{"line":1,"column":31}},"1":{"start":{"line":2,"column":14},"end":{"line":2,"column":23}},"2":{"start":{"line":3,"column":11},"end":{"line":3,"column":26}},"3":{"start":{"line":6,"column":0},"end":{"line":40,"column":2}},"4":{"start":{"line":8,"column":2},"end":{"line":13,"column":3}},"5":{"start":{"line":9,"column":4},"end":{"line":11,"column":7}},"6":{"start":{"line":12,"column":4},"end":{"line":12,"column":11}},"7":{"start":{"line":15,"column":2},"end":{"line":20,"column":3}},"8":{"start":{"line":16,"column":4},"end":{"line":18,"column":7}},"9":{"start":{"line":19,"column":4},"end":{"line":19,"column":11}},"10":{"start":{"line":23,"column":16},"end":{"line":27,"column":3}},"11":{"start":{"line":30,"column":2},"end":{"line":39,"column":7}},"12":{"start":{"line":32,"column":6},"end":{"line":32,"column":21}},"13":{"start":{"line":35,"column":6},"end":{"line":38,"column":9}},"14":{"start":{"line":43,"column":0},"end":{"line":57,"column":2}},"15":{"start":{"line":44,"column":17},"end":{"line":44,"column":31}},"16":{"start":{"line":45,"column":20},"end":{"line":45,"column":70}},"17":{"start":{"line":47,"column":4},"end":{"line":56,"column":9}},"18":{"start":{"line":49,"column":8},"end":{"line":49,"column":23}},"19":{"start":{"line":52,"column":8},"end":{"line":55,"column":11}},"20":{"start":{"line":59,"column":0},"end":{"line":78,"column":2}},"21":{"start":{"line":60,"column":2},"end":{"line":60,"column":27}},"22":{"start":{"line":61,"column":2},"end":{"line":61,"column":26}},"23":{"start":{"line":62,"column":23},"end":{"line":62,"column":46}},"24":{"start":{"line":63,"column":22},"end":{"line":63,"column":44}},"25":{"start":{"line":64,"column":18},"end":{"line":67,"column":3}},"26":{"start":{"line":69,"column":2},"end":{"line":77,"column":7}},"27":{"start":{"line":71,"column":6},"end":{"line":71,"column":21}},"28":{"start":{"line":74,"column":6},"end":{"line":76,"column":9}},"29":{"start":{"line":82,"column":0},"end":{"line":100,"column":2}},"30":{"start":{"line":83,"column":15},"end":{"line":83,"column":28}},"31":{"start":{"line":85,"column":4},"end":{"line":99,"column":9}},"32":{"start":{"line":87,"column":8},"end":{"line":93,"column":9}},"33":{"start":{"line":88,"column":10},"end":{"line":88,"column":25}},"34":{"start":{"line":90,"column":10},"end":{"line":92,"column":13}},"35":{"start":{"line":96,"column":8},"end":{"line":98,"column":11}},"36":{"start":{"line":103,"column":0},"end":{"line":125,"column":2}},"37":{"start":{"line":104,"column":15},"end":{"line":104,"column":28}},"38":{"start":{"line":106,"column":4},"end":{"line":124,"column":9}},"39":{"start":{"line":110,"column":8},"end":{"line":118,"column":9}},"40":{"start":{"line":111,"column":10},"end":{"line":113,"column":13}},"41":{"start":{"line":115,"column":10},"end":{"line":117,"column":13}},"42":{"start":{"line":121,"column":8},"end":{"line":123,"column":11}},"43":{"start":{"line":128,"column":0},"end":{"line":150,"column":2}},"44":{"start":{"line":129,"column":15},"end":{"line":129,"column":28}},"45":{"start":{"line":131,"column":4},"end":{"line":149,"column":9}},"46":{"start":{"line":135,"column":8},"end":{"line":143,"column":9}},"47":{"start":{"line":136,"column":10},"end":{"line":138,"column":13}},"48":{"start":{"line":140,"column":10},"end":{"line":142,"column":13}},"49":{"start":{"line":146,"column":8},"end":{"line":148,"column":11}},"50":{"start":{"line":153,"column":0},"end":{"line":167,"column":2}},"51":{"start":{"line":154,"column":4},"end":{"line":166,"column":9}},"52":{"start":{"line":159,"column":8},"end":{"line":159,"column":75}},"53":{"start":{"line":162,"column":8},"end":{"line":165,"column":11}},"54":{"start":{"line":169,"column":0},"end":{"line":198,"column":2}},"55":{"start":{"line":171,"column":2},"end":{"line":173,"column":3}},"56":{"start":{"line":172,"column":4},"end":{"line":172,"column":11}},"57":{"start":{"line":175,"column":2},"end":{"line":177,"column":3}},"58":{"start":{"line":176,"column":4},"end":{"line":176,"column":11}},"59":{"start":{"line":179,"column":2},"end":{"line":181,"column":3}},"60":{"start":{"line":180,"column":4},"end":{"line":180,"column":11}},"61":{"start":{"line":184,"column":19},"end":{"line":188,"column":3}},"62":{"start":{"line":191,"column":17},"end":{"line":191,"column":45}},"63":{"start":{"line":192,"column":2},"end":{"line":197,"column":3}},"64":{"start":{"line":193,"column":4},"end":{"line":193,"column":30}},"65":{"start":{"line":194,"column":4},"end":{"line":194,"column":14}},"66":{"start":{"line":196,"column":4},"end":{"line":196,"column":18}}},"fnMap":{"0":{"name":"(anonymous_0)","decl":{"start":{"line":6,"column":17},"end":{"line":6,"column":18}},"loc":{"start":{"line":6,"column":37},"end":{"line":40,"column":1}},"line":6},"1":{"name":"(anonymous_1)","decl":{"start":{"line":31,"column":10},"end":{"line":31,"column":11}},"loc":{"start":{"line":31,"column":20},"end":{"line":33,"column":5}},"line":31},"2":{"name":"(anonymous_2)","decl":{"start":{"line":34,"column":11},"end":{"line":34,"column":12}},"loc":{"start":{"line":34,"column":20},"end":{"line":39,"column":5}},"line":34},"3":{"name":"(anonymous_3)","decl":{"start":{"line":43,"column":18},"end":{"line":43,"column":19}},"loc":{"start":{"line":43,"column":32},"end":{"line":57,"column":1}},"line":43},"4":{"name":"(anonymous_4)","decl":{"start":{"line":48,"column":12},"end":{"line":48,"column":13}},"loc":{"start":{"line":48,"column":22},"end":{"line":50,"column":7}},"line":48},"5":{"name":"(anonymous_5)","decl":{"start":{"line":51,"column":13},"end":{"line":51,"column":14}},"loc":{"start":{"line":51,"column":22},"end":{"line":56,"column":7}},"line":51},"6":{"name":"(anonymous_6)","decl":{"start":{"line":59,"column":22},"end":{"line":59,"column":23}},"loc":{"start":{"line":59,"column":36},"end":{"line":78,"column":1}},"line":59},"7":{"name":"(anonymous_7)","decl":{"start":{"line":70,"column":10},"end":{"line":70,"column":11}},"loc":{"start":{"line":70,"column":20},"end":{"line":72,"column":5}},"line":70},"8":{"name":"(anonymous_8)","decl":{"start":{"line":73,"column":11},"end":{"line":73,"column":12}},"loc":{"start":{"line":73,"column":20},"end":{"line":77,"column":5}},"line":73},"9":{"name":"(anonymous_9)","decl":{"start":{"line":82,"column":18},"end":{"line":82,"column":19}},"loc":{"start":{"line":82,"column":32},"end":{"line":100,"column":1}},"line":82},"10":{"name":"(anonymous_10)","decl":{"start":{"line":86,"column":12},"end":{"line":86,"column":13}},"loc":{"start":{"line":86,"column":22},"end":{"line":94,"column":7}},"line":86},"11":{"name":"(anonymous_11)","decl":{"start":{"line":95,"column":13},"end":{"line":95,"column":14}},"loc":{"start":{"line":95,"column":22},"end":{"line":99,"column":7}},"line":95},"12":{"name":"(anonymous_12)","decl":{"start":{"line":103,"column":17},"end":{"line":103,"column":18}},"loc":{"start":{"line":103,"column":31},"end":{"line":125,"column":1}},"line":103},"13":{"name":"(anonymous_13)","decl":{"start":{"line":109,"column":12},"end":{"line":109,"column":13}},"loc":{"start":{"line":109,"column":21},"end":{"line":119,"column":7}},"line":109},"14":{"name":"(anonymous_14)","decl":{"start":{"line":120,"column":13},"end":{"line":120,"column":14}},"loc":{"start":{"line":120,"column":22},"end":{"line":124,"column":7}},"line":120},"15":{"name":"(anonymous_15)","decl":{"start":{"line":128,"column":17},"end":{"line":128,"column":18}},"loc":{"start":{"line":128,"column":31},"end":{"line":150,"column":1}},"line":128},"16":{"name":"(anonymous_16)","decl":{"start":{"line":134,"column":12},"end":{"line":134,"column":13}},"loc":{"start":{"line":134,"column":21},"end":{"line":144,"column":7}},"line":134},"17":{"name":"(anonymous_17)","decl":{"start":{"line":145,"column":13},"end":{"line":145,"column":14}},"loc":{"start":{"line":145,"column":22},"end":{"line":149,"column":7}},"line":145},"18":{"name":"(anonymous_18)","decl":{"start":{"line":153,"column":20},"end":{"line":153,"column":21}},"loc":{"start":{"line":153,"column":34},"end":{"line":167,"column":1}},"line":153},"19":{"name":"(anonymous_19)","decl":{"start":{"line":158,"column":12},"end":{"line":158,"column":13}},"loc":{"start":{"line":158,"column":22},"end":{"line":160,"column":7}},"line":158},"20":{"name":"(anonymous_20)","decl":{"start":{"line":161,"column":13},"end":{"line":161,"column":14}},"loc":{"start":{"line":161,"column":22},"end":{"line":166,"column":7}},"line":161},"21":{"name":"(anonymous_21)","decl":{"start":{"line":169,"column":19},"end":{"line":169,"column":20}},"loc":{"start":{"line":169,"column":63},"end":{"line":198,"column":1}},"line":169}},"branchMap":{"0":{"loc":{"start":{"line":8,"column":2},"end":{"line":13,"column":3}},"type":"if","locations":[{"start":{"line":8,"column":2},"end":{"line":13,"column":3}},{"start":{},"end":{}}],"line":8},"1":{"loc":{"start":{"line":15,"column":2},"end":{"line":20,"column":3}},"type":"if","locations":[{"start":{"line":15,"column":2},"end":{"line":20,"column":3}},{"start":{},"end":{}}],"line":15},"2":{"loc":{"start":{"line":37,"column":10},"end":{"line":37,"column":72}},"type":"binary-expr","locations":[{"start":{"line":37,"column":10},"end":{"line":37,"column":21}},{"start":{"line":37,"column":25},"end":{"line":37,"column":72}}],"line":37},"3":{"loc":{"start":{"line":45,"column":20},"end":{"line":45,"column":70}},"type":"cond-expr","locations":[{"start":{"line":45,"column":27},"end":{"line":45,"column":63}},{"start":{"line":45,"column":66},"end":{"line":45,"column":70}}],"line":45},"4":{"loc":{"start":{"line":54,"column":12},"end":{"line":54,"column":73}},"type":"binary-expr","locations":[{"start":{"line":54,"column":12},"end":{"line":54,"column":23}},{"start":{"line":54,"column":27},"end":{"line":54,"column":73}}],"line":54},"5":{"loc":{"start":{"line":75,"column":17},"end":{"line":75,"column":78}},"type":"binary-expr","locations":[{"start":{"line":75,"column":17},"end":{"line":75,"column":28}},{"start":{"line":75,"column":32},"end":{"line":75,"column":78}}],"line":75},"6":{"loc":{"start":{"line":87,"column":8},"end":{"line":93,"column":9}},"type":"if","locations":[{"start":{"line":87,"column":8},"end":{"line":93,"column":9}},{"start":{"line":89,"column":15},"end":{"line":93,"column":9}}],"line":87},"7":{"loc":{"start":{"line":110,"column":8},"end":{"line":118,"column":9}},"type":"if","locations":[{"start":{"line":110,"column":8},"end":{"line":118,"column":9}},{"start":{"line":114,"column":15},"end":{"line":118,"column":9}}],"line":110},"8":{"loc":{"start":{"line":135,"column":8},"end":{"line":143,"column":9}},"type":"if","locations":[{"start":{"line":135,"column":8},"end":{"line":143,"column":9}},{"start":{"line":139,"column":15},"end":{"line":143,"column":9}}],"line":135},"9":{"loc":{"start":{"line":164,"column":12},"end":{"line":164,"column":75}},"type":"binary-expr","locations":[{"start":{"line":164,"column":12},"end":{"line":164,"column":23}},{"start":{"line":164,"column":27},"end":{"line":164,"column":75}}],"line":164},"10":{"loc":{"start":{"line":171,"column":2},"end":{"line":173,"column":3}},"type":"if","locations":[{"start":{"line":171,"column":2},"end":{"line":173,"column":3}},{"start":{},"end":{}}],"line":171},"11":{"loc":{"start":{"line":175,"column":2},"end":{"line":177,"column":3}},"type":"if","locations":[{"start":{"line":175,"column":2},"end":{"line":177,"column":3}},{"start":{},"end":{}}],"line":175},"12":{"loc":{"start":{"line":179,"column":2},"end":{"line":181,"column":3}},"type":"if","locations":[{"start":{"line":179,"column":2},"end":{"line":181,"column":3}},{"start":{},"end":{}}],"line":179},"13":{"loc":{"start":{"line":192,"column":2},"end":{"line":197,"column":3}},"type":"if","locations":[{"start":{"line":192,"column":2},"end":{"line":197,"column":3}},{"start":{"line":195,"column":9},"end":{"line":197,"column":3}}],"line":192}},"s":{"0":1,"1":1,"2":1,"3":1,"4":0,"5":0,"6":0,"7":0,"8":0,"9":0,"10":0,"11":0,"12":0,"13":0,"14":1,"15":0,"16":0,"17":0,"18":0,"19":0,"20":1,"21":0,"22":0,"23":0,"24":0,"25":0,"26":0,"27":0,"28":0,"29":1,"30":0,"31":0,"32":0,"33":0,"34":0,"35":0,"36":1,"37":0,"38":0,"39":0,"40":0,"41":0,"42":0,"43":1,"44":0,"45":0,"46":0,"47":0,"48":0,"49":0,"50":1,"51":0,"52":0,"53":0,"54":1,"55":0,"56":0,"57":0,"58":0,"59":0,"60":0,"61":0,"62":0,"63":0,"64":0,"65":0,"66":0},"f":{"0":0,"1":0,"2":0,"3":0,"4":0,"5":0,"6":0,"7":0,"8":0,"9":0,"10":0,"11":0,"12":0,"13":0,"14":0,"15":0,"16":0,"17":0,"18":0,"19":0,"20":0,"21":0},"b":{"0":[0,0],"1":[0,0],"2":[0,0],"3":[0,0],"4":[0,0],"5":[0,0],"6":[0,0],"7":[0,0],"8":[0,0],"9":[0,0],"10":[0,0],"11":[0,0],"12":[0,0],"13":[0,0]},"_coverageSchema":"1a1c01bbd47fc00a2c39e90264f33305004495a9","hash":"687aa5d2b1a2f2b19c8e398c709b0d344a3d3beb"}
,"D:\\Projects\\demo\\car_wash_app\\backend_nodejs\\controllers\\user.controller.js": {"path":"D:\\Projects\\demo\\car_wash_app\\backend_nodejs\\controllers\\user.controller.js","statementMap":{"0":{"start":{"line":1,"column":0},"end":{"line":1,"column":67}},"1":{"start":{"line":2,"column":11},"end":{"line":2,"column":31}},"2":{"start":{"line":3,"column":13},"end":{"line":3,"column":21}},"3":{"start":{"line":4,"column":11},"end":{"line":4,"column":26}},"4":{"start":{"line":5,"column":15},"end":{"line":5,"column":34}},"5":{"start":{"line":6,"column":12},"end":{"line":6,"column":35}},"6":{"start":{"line":9,"column":0},"end":{"line":50,"column":2}},"7":{"start":{"line":11,"column":2},"end":{"line":16,"column":3}},"8":{"start":{"line":12,"column":4},"end":{"line":14,"column":7}},"9":{"start":{"line":15,"column":4},"end":{"line":15,"column":11}},"10":{"start":{"line":18,"column":2},"end":{"line":23,"column":3}},"11":{"start":{"line":19,"column":4},"end":{"line":21,"column":7}},"12":{"start":{"line":22,"column":4},"end":{"line":22,"column":11}},"13":{"start":{"line":25,"column":2},"end":{"line":30,"column":3}},"14":{"start":{"line":26,"column":4},"end":{"line":28,"column":7}},"15":{"start":{"line":29,"column":4},"end":{"line":29,"column":11}},"16":{"start":{"line":33,"column":15},"end":{"line":38,"column":3}},"17":{"start":{"line":41,"column":2},"end":{"line":49,"column":7}},"18":{"start":{"line":43,"column":6},"end":{"line":43,"column":21}},"19":{"start":{"line":46,"column":6},"end":{"line":48,"column":9}},"20":{"start":{"line":53,"column":0},"end":{"line":68,"column":2}},"21":{"start":{"line":54,"column":23},"end":{"line":54,"column":45}},"22":{"start":{"line":55,"column":18},"end":{"line":57,"column":10}},"23":{"start":{"line":59,"column":2},"end":{"line":67,"column":7}},"24":{"start":{"line":61,"column":6},"end":{"line":61,"column":21}},"25":{"start":{"line":64,"column":6},"end":{"line":66,"column":9}},"26":{"start":{"line":71,"column":0},"end":{"line":89,"column":2}},"27":{"start":{"line":72,"column":13},"end":{"line":72,"column":26}},"28":{"start":{"line":74,"column":2},"end":{"line":88,"column":7}},"29":{"start":{"line":76,"column":6},"end":{"line":82,"column":7}},"30":{"start":{"line":77,"column":8},"end":{"line":77,"column":23}},"31":{"start":{"line":79,"column":8},"end":{"line":81,"column":11}},"32":{"start":{"line":85,"column":6},"end":{"line":87,"column":9}},"33":{"start":{"line":92,"column":0},"end":{"line":114,"column":2}},"34":{"start":{"line":93,"column":13},"end":{"line":93,"column":26}},"35":{"start":{"line":95,"column":2},"end":{"line":113,"column":7}},"36":{"start":{"line":99,"column":6},"end":{"line":107,"column":7}},"37":{"start":{"line":100,"column":8},"end":{"line":102,"column":11}},"38":{"start":{"line":104,"column":8},"end":{"line":106,"column":11}},"39":{"start":{"line":110,"column":6},"end":{"line":112,"column":9}},"40":{"start":{"line":117,"column":0},"end":{"line":139,"column":2}},"41":{"start":{"line":118,"column":13},"end":{"line":118,"column":26}},"42":{"start":{"line":120,"column":2},"end":{"line":138,"column":7}},"43":{"start":{"line":124,"column":6},"end":{"line":132,"column":7}},"44":{"start":{"line":125,"column":8},"end":{"line":127,"column":11}},"45":{"start":{"line":129,"column":8},"end":{"line":131,"column":11}},"46":{"start":{"line":135,"column":6},"end":{"line":137,"column":9}},"47":{"start":{"line":142,"column":0},"end":{"line":155,"column":2}},"48":{"start":{"line":143,"column":2},"end":{"line":154,"column":7}},"49":{"start":{"line":148,"column":6},"end":{"line":148,"column":71}},"50":{"start":{"line":151,"column":6},"end":{"line":153,"column":9}},"51":{"start":{"line":157,"column":0},"end":{"line":211,"column":2}},"52":{"start":{"line":159,"column":2},"end":{"line":164,"column":3}},"53":{"start":{"line":160,"column":4},"end":{"line":162,"column":7}},"54":{"start":{"line":163,"column":4},"end":{"line":163,"column":11}},"55":{"start":{"line":166,"column":2},"end":{"line":171,"column":3}},"56":{"start":{"line":167,"column":4},"end":{"line":169,"column":7}},"57":{"start":{"line":170,"column":4},"end":{"line":170,"column":11}},"58":{"start":{"line":173,"column":2},"end":{"line":178,"column":3}},"59":{"start":{"line":174,"column":4},"end":{"line":176,"column":7}},"60":{"start":{"line":177,"column":4},"end":{"line":177,"column":11}},"61":{"start":{"line":180,"column":2},"end":{"line":185,"column":3}},"62":{"start":{"line":181,"column":4},"end":{"line":183,"column":7}},"63":{"start":{"line":184,"column":4},"end":{"line":184,"column":11}},"64":{"start":{"line":187,"column":2},"end":{"line":192,"column":3}},"65":{"start":{"line":188,"column":4},"end":{"line":190,"column":7}},"66":{"start":{"line":191,"column":4},"end":{"line":191,"column":11}},"67":{"start":{"line":195,"column":15},"end":{"line":201,"column":3}},"68":{"start":{"line":204,"column":17},"end":{"line":204,"column":40}},"69":{"start":{"line":205,"column":2},"end":{"line":210,"column":3}},"70":{"start":{"line":206,"column":4},"end":{"line":206,"column":30}},"71":{"start":{"line":207,"column":4},"end":{"line":207,"column":14}},"72":{"start":{"line":209,"column":4},"end":{"line":209,"column":18}},"73":{"start":{"line":214,"column":0},"end":{"line":229,"column":2}},"74":{"start":{"line":215,"column":2},"end":{"line":228,"column":3}},"75":{"start":{"line":216,"column":15},"end":{"line":216,"column":26}},"76":{"start":{"line":217,"column":18},"end":{"line":217,"column":32}},"77":{"start":{"line":219,"column":19},"end":{"line":219,"column":42}},"78":{"start":{"line":221,"column":4},"end":{"line":221,"column":26}},"79":{"start":{"line":223,"column":4},"end":{"line":223,"column":18}},"80":{"start":{"line":225,"column":4},"end":{"line":225,"column":33}},"81":{"start":{"line":227,"column":4},"end":{"line":227,"column":27}},"82":{"start":{"line":231,"column":0},"end":{"line":268,"column":2}},"83":{"start":{"line":232,"column":2},"end":{"line":267,"column":3}},"84":{"start":{"line":233,"column":32},"end":{"line":233,"column":40}},"85":{"start":{"line":236,"column":4},"end":{"line":241,"column":5}},"86":{"start":{"line":237,"column":6},"end":{"line":239,"column":9}},"87":{"start":{"line":240,"column":6},"end":{"line":240,"column":13}},"88":{"start":{"line":243,"column":4},"end":{"line":248,"column":5}},"89":{"start":{"line":244,"column":6},"end":{"line":246,"column":9}},"90":{"start":{"line":247,"column":6},"end":{"line":247,"column":13}},"91":{"start":{"line":250,"column":17},"end":{"line":250,"column":46}},"92":{"start":{"line":252,"column":4},"end":{"line":262,"column":5}},"93":{"start":{"line":253,"column":20},"end":{"line":257,"column":7}},"94":{"start":{"line":259,"column":6},"end":{"line":259,"column":25}},"95":{"start":{"line":260,"column":6},"end":{"line":260,"column":24}},"96":{"start":{"line":261,"column":6},"end":{"line":261,"column":40}},"97":{"start":{"line":264,"column":4},"end":{"line":264,"column":46}},"98":{"start":{"line":266,"column":4},"end":{"line":266,"column":23}}},"fnMap":{"0":{"name":"(anonymous_0)","decl":{"start":{"line":9,"column":17},"end":{"line":9,"column":18}},"loc":{"start":{"line":9,"column":37},"end":{"line":50,"column":1}},"line":9},"1":{"name":"(anonymous_1)","decl":{"start":{"line":42,"column":10},"end":{"line":42,"column":11}},"loc":{"start":{"line":42,"column":20},"end":{"line":44,"column":5}},"line":42},"2":{"name":"(anonymous_2)","decl":{"start":{"line":45,"column":11},"end":{"line":45,"column":12}},"loc":{"start":{"line":45,"column":20},"end":{"line":49,"column":5}},"line":45},"3":{"name":"(anonymous_3)","decl":{"start":{"line":53,"column":18},"end":{"line":53,"column":19}},"loc":{"start":{"line":53,"column":32},"end":{"line":68,"column":1}},"line":53},"4":{"name":"(anonymous_4)","decl":{"start":{"line":60,"column":10},"end":{"line":60,"column":11}},"loc":{"start":{"line":60,"column":20},"end":{"line":62,"column":5}},"line":60},"5":{"name":"(anonymous_5)","decl":{"start":{"line":63,"column":11},"end":{"line":63,"column":12}},"loc":{"start":{"line":63,"column":20},"end":{"line":67,"column":5}},"line":63},"6":{"name":"(anonymous_6)","decl":{"start":{"line":71,"column":18},"end":{"line":71,"column":19}},"loc":{"start":{"line":71,"column":32},"end":{"line":89,"column":1}},"line":71},"7":{"name":"(anonymous_7)","decl":{"start":{"line":75,"column":10},"end":{"line":75,"column":11}},"loc":{"start":{"line":75,"column":20},"end":{"line":83,"column":5}},"line":75},"8":{"name":"(anonymous_8)","decl":{"start":{"line":84,"column":11},"end":{"line":84,"column":12}},"loc":{"start":{"line":84,"column":20},"end":{"line":88,"column":5}},"line":84},"9":{"name":"(anonymous_9)","decl":{"start":{"line":92,"column":17},"end":{"line":92,"column":18}},"loc":{"start":{"line":92,"column":31},"end":{"line":114,"column":1}},"line":92},"10":{"name":"(anonymous_10)","decl":{"start":{"line":98,"column":10},"end":{"line":98,"column":11}},"loc":{"start":{"line":98,"column":19},"end":{"line":108,"column":5}},"line":98},"11":{"name":"(anonymous_11)","decl":{"start":{"line":109,"column":11},"end":{"line":109,"column":12}},"loc":{"start":{"line":109,"column":20},"end":{"line":113,"column":5}},"line":109},"12":{"name":"(anonymous_12)","decl":{"start":{"line":117,"column":17},"end":{"line":117,"column":18}},"loc":{"start":{"line":117,"column":31},"end":{"line":139,"column":1}},"line":117},"13":{"name":"(anonymous_13)","decl":{"start":{"line":123,"column":10},"end":{"line":123,"column":11}},"loc":{"start":{"line":123,"column":19},"end":{"line":133,"column":5}},"line":123},"14":{"name":"(anonymous_14)","decl":{"start":{"line":134,"column":11},"end":{"line":134,"column":12}},"loc":{"start":{"line":134,"column":20},"end":{"line":138,"column":5}},"line":134},"15":{"name":"(anonymous_15)","decl":{"start":{"line":142,"column":20},"end":{"line":142,"column":21}},"loc":{"start":{"line":142,"column":34},"end":{"line":155,"column":1}},"line":142},"16":{"name":"(anonymous_16)","decl":{"start":{"line":147,"column":10},"end":{"line":147,"column":11}},"loc":{"start":{"line":147,"column":20},"end":{"line":149,"column":5}},"line":147},"17":{"name":"(anonymous_17)","decl":{"start":{"line":150,"column":11},"end":{"line":150,"column":12}},"loc":{"start":{"line":150,"column":20},"end":{"line":154,"column":5}},"line":150},"18":{"name":"(anonymous_18)","decl":{"start":{"line":157,"column":19},"end":{"line":157,"column":20}},"loc":{"start":{"line":157,"column":68},"end":{"line":211,"column":1}},"line":157},"19":{"name":"(anonymous_19)","decl":{"start":{"line":214,"column":19},"end":{"line":214,"column":20}},"loc":{"start":{"line":214,"column":39},"end":{"line":229,"column":1}},"line":214},"20":{"name":"(anonymous_20)","decl":{"start":{"line":231,"column":16},"end":{"line":231,"column":17}},"loc":{"start":{"line":231,"column":36},"end":{"line":268,"column":1}},"line":231}},"branchMap":{"0":{"loc":{"start":{"line":11,"column":2},"end":{"line":16,"column":3}},"type":"if","locations":[{"start":{"line":11,"column":2},"end":{"line":16,"column":3}},{"start":{},"end":{}}],"line":11},"1":{"loc":{"start":{"line":18,"column":2},"end":{"line":23,"column":3}},"type":"if","locations":[{"start":{"line":18,"column":2},"end":{"line":23,"column":3}},{"start":{},"end":{}}],"line":18},"2":{"loc":{"start":{"line":25,"column":2},"end":{"line":30,"column":3}},"type":"if","locations":[{"start":{"line":25,"column":2},"end":{"line":30,"column":3}},{"start":{},"end":{}}],"line":25},"3":{"loc":{"start":{"line":47,"column":17},"end":{"line":47,"column":77}},"type":"binary-expr","locations":[{"start":{"line":47,"column":17},"end":{"line":47,"column":28}},{"start":{"line":47,"column":32},"end":{"line":47,"column":77}}],"line":47},"4":{"loc":{"start":{"line":55,"column":18},"end":{"line":57,"column":10}},"type":"cond-expr","locations":[{"start":{"line":56,"column":6},"end":{"line":56,"column":58}},{"start":{"line":57,"column":6},"end":{"line":57,"column":10}}],"line":55},"5":{"loc":{"start":{"line":65,"column":17},"end":{"line":65,"column":76}},"type":"binary-expr","locations":[{"start":{"line":65,"column":17},"end":{"line":65,"column":28}},{"start":{"line":65,"column":32},"end":{"line":65,"column":76}}],"line":65},"6":{"loc":{"start":{"line":76,"column":6},"end":{"line":82,"column":7}},"type":"if","locations":[{"start":{"line":76,"column":6},"end":{"line":82,"column":7}},{"start":{"line":78,"column":13},"end":{"line":82,"column":7}}],"line":76},"7":{"loc":{"start":{"line":99,"column":6},"end":{"line":107,"column":7}},"type":"if","locations":[{"start":{"line":99,"column":6},"end":{"line":107,"column":7}},{"start":{"line":103,"column":13},"end":{"line":107,"column":7}}],"line":99},"8":{"loc":{"start":{"line":124,"column":6},"end":{"line":132,"column":7}},"type":"if","locations":[{"start":{"line":124,"column":6},"end":{"line":132,"column":7}},{"start":{"line":128,"column":13},"end":{"line":132,"column":7}}],"line":124},"9":{"loc":{"start":{"line":152,"column":17},"end":{"line":152,"column":78}},"type":"binary-expr","locations":[{"start":{"line":152,"column":17},"end":{"line":152,"column":28}},{"start":{"line":152,"column":32},"end":{"line":152,"column":78}}],"line":152},"10":{"loc":{"start":{"line":159,"column":2},"end":{"line":164,"column":3}},"type":"if","locations":[{"start":{"line":159,"column":2},"end":{"line":164,"column":3}},{"start":{},"end":{}}],"line":159},"11":{"loc":{"start":{"line":166,"column":2},"end":{"line":171,"column":3}},"type":"if","locations":[{"start":{"line":166,"column":2},"end":{"line":171,"column":3}},{"start":{},"end":{}}],"line":166},"12":{"loc":{"start":{"line":173,"column":2},"end":{"line":178,"column":3}},"type":"if","locations":[{"start":{"line":173,"column":2},"end":{"line":178,"column":3}},{"start":{},"end":{}}],"line":173},"13":{"loc":{"start":{"line":180,"column":2},"end":{"line":185,"column":3}},"type":"if","locations":[{"start":{"line":180,"column":2},"end":{"line":185,"column":3}},{"start":{},"end":{}}],"line":180},"14":{"loc":{"start":{"line":187,"column":2},"end":{"line":192,"column":3}},"type":"if","locations":[{"start":{"line":187,"column":2},"end":{"line":192,"column":3}},{"start":{},"end":{}}],"line":187},"15":{"loc":{"start":{"line":205,"column":2},"end":{"line":210,"column":3}},"type":"if","locations":[{"start":{"line":205,"column":2},"end":{"line":210,"column":3}},{"start":{"line":208,"column":9},"end":{"line":210,"column":3}}],"line":205},"16":{"loc":{"start":{"line":236,"column":4},"end":{"line":241,"column":5}},"type":"if","locations":[{"start":{"line":236,"column":4},"end":{"line":241,"column":5}},{"start":{},"end":{}}],"line":236},"17":{"loc":{"start":{"line":243,"column":4},"end":{"line":248,"column":5}},"type":"if","locations":[{"start":{"line":243,"column":4},"end":{"line":248,"column":5}},{"start":{},"end":{}}],"line":243},"18":{"loc":{"start":{"line":252,"column":4},"end":{"line":262,"column":5}},"type":"if","locations":[{"start":{"line":252,"column":4},"end":{"line":262,"column":5}},{"start":{},"end":{}}],"line":252},"19":{"loc":{"start":{"line":252,"column":8},"end":{"line":252,"column":63}},"type":"binary-expr","locations":[{"start":{"line":252,"column":8},"end":{"line":252,"column":12}},{"start":{"line":252,"column":17},"end":{"line":252,"column":62}}],"line":252}},"s":{"0":1,"1":1,"2":1,"3":1,"4":1,"5":1,"6":1,"7":0,"8":0,"9":0,"10":0,"11":0,"12":0,"13":0,"14":0,"15":0,"16":0,"17":0,"18":0,"19":0,"20":1,"21":0,"22":0,"23":0,"24":0,"25":0,"26":1,"27":0,"28":0,"29":0,"30":0,"31":0,"32":0,"33":1,"34":0,"35":0,"36":0,"37":0,"38":0,"39":0,"40":1,"41":0,"42":0,"43":0,"44":0,"45":0,"46":0,"47":1,"48":0,"49":0,"50":0,"51":1,"52":0,"53":0,"54":0,"55":0,"56":0,"57":0,"58":0,"59":0,"60":0,"61":0,"62":0,"63":0,"64":0,"65":0,"66":0,"67":0,"68":0,"69":0,"70":0,"71":0,"72":0,"73":1,"74":0,"75":0,"76":0,"77":0,"78":0,"79":0,"80":0,"81":0,"82":1,"83":0,"84":0,"85":0,"86":0,"87":0,"88":0,"89":0,"90":0,"91":0,"92":0,"93":0,"94":0,"95":0,"96":0,"97":0,"98":0},"f":{"0":0,"1":0,"2":0,"3":0,"4":0,"5":0,"6":0,"7":0,"8":0,"9":0,"10":0,"11":0,"12":0,"13":0,"14":0,"15":0,"16":0,"17":0,"18":0,"19":0,"20":0},"b":{"0":[0,0],"1":[0,0],"2":[0,0],"3":[0,0],"4":[0,0],"5":[0,0],"6":[0,0],"7":[0,0],"8":[0,0],"9":[0,0],"10":[0,0],"11":[0,0],"12":[0,0],"13":[0,0],"14":[0,0],"15":[0,0],"16":[0,0],"17":[0,0],"18":[0,0],"19":[0,0]},"_coverageSchema":"1a1c01bbd47fc00a2c39e90264f33305004495a9","hash":"ed13779d3d2287bafb1dde22348ddf204cfc7ddc"}
,"D:\\Projects\\demo\\car_wash_app\\backend_nodejs\\controllers\\wash_type.controller.js": {"path":"D:\\Projects\\demo\\car_wash_app\\backend_nodejs\\controllers\\wash_type.controller.js","statementMap":{"0":{"start":{"line":1,"column":11},"end":{"line":1,"column":31}},"1":{"start":{"line":2,"column":17},"end":{"line":2,"column":30}},"2":{"start":{"line":3,"column":11},"end":{"line":3,"column":26}},"3":{"start":{"line":6,"column":0},"end":{"line":39,"column":2}},"4":{"start":{"line":8,"column":2},"end":{"line":13,"column":3}},"5":{"start":{"line":9,"column":4},"end":{"line":11,"column":7}},"6":{"start":{"line":12,"column":4},"end":{"line":12,"column":11}},"7":{"start":{"line":15,"column":2},"end":{"line":20,"column":3}},"8":{"start":{"line":16,"column":4},"end":{"line":18,"column":7}},"9":{"start":{"line":19,"column":4},"end":{"line":19,"column":11}},"10":{"start":{"line":23,"column":19},"end":{"line":26,"column":3}},"11":{"start":{"line":29,"column":2},"end":{"line":38,"column":7}},"12":{"start":{"line":31,"column":6},"end":{"line":31,"column":21}},"13":{"start":{"line":34,"column":6},"end":{"line":37,"column":9}},"14":{"start":{"line":42,"column":0},"end":{"line":56,"column":2}},"15":{"start":{"line":43,"column":17},"end":{"line":43,"column":31}},"16":{"start":{"line":44,"column":20},"end":{"line":44,"column":70}},"17":{"start":{"line":46,"column":4},"end":{"line":55,"column":9}},"18":{"start":{"line":48,"column":8},"end":{"line":48,"column":23}},"19":{"start":{"line":51,"column":8},"end":{"line":54,"column":11}},"20":{"start":{"line":59,"column":0},"end":{"line":77,"column":2}},"21":{"start":{"line":60,"column":15},"end":{"line":60,"column":28}},"22":{"start":{"line":62,"column":4},"end":{"line":76,"column":9}},"23":{"start":{"line":64,"column":8},"end":{"line":70,"column":9}},"24":{"start":{"line":65,"column":10},"end":{"line":65,"column":25}},"25":{"start":{"line":67,"column":10},"end":{"line":69,"column":13}},"26":{"start":{"line":73,"column":8},"end":{"line":75,"column":11}},"27":{"start":{"line":80,"column":0},"end":{"line":102,"column":2}},"28":{"start":{"line":81,"column":15},"end":{"line":81,"column":28}},"29":{"start":{"line":83,"column":4},"end":{"line":101,"column":9}},"30":{"start":{"line":87,"column":8},"end":{"line":95,"column":9}},"31":{"start":{"line":88,"column":10},"end":{"line":90,"column":13}},"32":{"start":{"line":92,"column":10},"end":{"line":94,"column":13}},"33":{"start":{"line":98,"column":8},"end":{"line":100,"column":11}},"34":{"start":{"line":105,"column":0},"end":{"line":127,"column":2}},"35":{"start":{"line":106,"column":15},"end":{"line":106,"column":28}},"36":{"start":{"line":108,"column":4},"end":{"line":126,"column":9}},"37":{"start":{"line":112,"column":8},"end":{"line":120,"column":9}},"38":{"start":{"line":113,"column":10},"end":{"line":115,"column":13}},"39":{"start":{"line":117,"column":10},"end":{"line":119,"column":13}},"40":{"start":{"line":123,"column":8},"end":{"line":125,"column":11}},"41":{"start":{"line":130,"column":0},"end":{"line":144,"column":2}},"42":{"start":{"line":131,"column":4},"end":{"line":143,"column":9}},"43":{"start":{"line":136,"column":8},"end":{"line":136,"column":79}},"44":{"start":{"line":139,"column":8},"end":{"line":142,"column":11}},"45":{"start":{"line":146,"column":0},"end":{"line":177,"column":2}},"46":{"start":{"line":149,"column":2},"end":{"line":154,"column":3}},"47":{"start":{"line":150,"column":4},"end":{"line":152,"column":7}},"48":{"start":{"line":153,"column":4},"end":{"line":153,"column":11}},"49":{"start":{"line":156,"column":2},"end":{"line":161,"column":3}},"50":{"start":{"line":157,"column":4},"end":{"line":159,"column":7}},"51":{"start":{"line":160,"column":4},"end":{"line":160,"column":11}},"52":{"start":{"line":164,"column":19},"end":{"line":167,"column":3}},"53":{"start":{"line":170,"column":17},"end":{"line":170,"column":48}},"54":{"start":{"line":171,"column":2},"end":{"line":176,"column":3}},"55":{"start":{"line":172,"column":4},"end":{"line":172,"column":30}},"56":{"start":{"line":173,"column":4},"end":{"line":173,"column":14}},"57":{"start":{"line":175,"column":4},"end":{"line":175,"column":18}},"58":{"start":{"line":179,"column":0},"end":{"line":182,"column":2}},"59":{"start":{"line":180,"column":17},"end":{"line":180,"column":66}},"60":{"start":{"line":181,"column":2},"end":{"line":181,"column":16}}},"fnMap":{"0":{"name":"(anonymous_0)","decl":{"start":{"line":6,"column":17},"end":{"line":6,"column":18}},"loc":{"start":{"line":6,"column":37},"end":{"line":39,"column":1}},"line":6},"1":{"name":"(anonymous_1)","decl":{"start":{"line":30,"column":10},"end":{"line":30,"column":11}},"loc":{"start":{"line":30,"column":20},"end":{"line":32,"column":5}},"line":30},"2":{"name":"(anonymous_2)","decl":{"start":{"line":33,"column":11},"end":{"line":33,"column":12}},"loc":{"start":{"line":33,"column":20},"end":{"line":38,"column":5}},"line":33},"3":{"name":"(anonymous_3)","decl":{"start":{"line":42,"column":18},"end":{"line":42,"column":19}},"loc":{"start":{"line":42,"column":32},"end":{"line":56,"column":1}},"line":42},"4":{"name":"(anonymous_4)","decl":{"start":{"line":47,"column":12},"end":{"line":47,"column":13}},"loc":{"start":{"line":47,"column":22},"end":{"line":49,"column":7}},"line":47},"5":{"name":"(anonymous_5)","decl":{"start":{"line":50,"column":13},"end":{"line":50,"column":14}},"loc":{"start":{"line":50,"column":22},"end":{"line":55,"column":7}},"line":50},"6":{"name":"(anonymous_6)","decl":{"start":{"line":59,"column":18},"end":{"line":59,"column":19}},"loc":{"start":{"line":59,"column":32},"end":{"line":77,"column":1}},"line":59},"7":{"name":"(anonymous_7)","decl":{"start":{"line":63,"column":12},"end":{"line":63,"column":13}},"loc":{"start":{"line":63,"column":22},"end":{"line":71,"column":7}},"line":63},"8":{"name":"(anonymous_8)","decl":{"start":{"line":72,"column":13},"end":{"line":72,"column":14}},"loc":{"start":{"line":72,"column":22},"end":{"line":76,"column":7}},"line":72},"9":{"name":"(anonymous_9)","decl":{"start":{"line":80,"column":17},"end":{"line":80,"column":18}},"loc":{"start":{"line":80,"column":31},"end":{"line":102,"column":1}},"line":80},"10":{"name":"(anonymous_10)","decl":{"start":{"line":86,"column":12},"end":{"line":86,"column":13}},"loc":{"start":{"line":86,"column":21},"end":{"line":96,"column":7}},"line":86},"11":{"name":"(anonymous_11)","decl":{"start":{"line":97,"column":13},"end":{"line":97,"column":14}},"loc":{"start":{"line":97,"column":22},"end":{"line":101,"column":7}},"line":97},"12":{"name":"(anonymous_12)","decl":{"start":{"line":105,"column":17},"end":{"line":105,"column":18}},"loc":{"start":{"line":105,"column":31},"end":{"line":127,"column":1}},"line":105},"13":{"name":"(anonymous_13)","decl":{"start":{"line":111,"column":12},"end":{"line":111,"column":13}},"loc":{"start":{"line":111,"column":21},"end":{"line":121,"column":7}},"line":111},"14":{"name":"(anonymous_14)","decl":{"start":{"line":122,"
[...]
,"D:\\Projects\\demo\\car_wash_app\\backend_nodejs\\models\\car.model.js": {"path":"D:\\Projects\\demo\\car_wash_app\\backend_nodejs\\models\\car.model.js","statementMap":{"0":{"start":{"line":1,"column":0},"end":{"line":18,"column":2}},"1":{"start":{"line":2,"column":14},"end":{"line":15,"column":4}},"2":{"start":{"line":17,"column":2},"end":{"line":17,"column":13}}},"fnMap":{"0":{"name":"(anonymous_0)","decl":{"start":{"line":1,"column":17},"end":{"line":1,"column":18}},"loc":{"start":{"line":1,"column":43},"end":{"line":18,"column":1}},"line":1}},"branchMap":{},"s":{"0":1,"1":1,"2":1},"f":{"0":1},"b":{},"_coverageSchema":"1a1c01bbd47fc00a2c39e90264f33305004495a9","hash":"2e65af5ff03b208145711374a0ce6d0d3c896525"}
,"D:\\Projects\\demo\\car_wash_app\\backend_nodejs\\models\\car_size.model.js": {"path":"D:\\Projects\\demo\\car_wash_app\\backend_nodejs\\models\\car_size.model.js","statementMap":{"0":{"start":{"line":1,"column":0},"end":{"line":12,"column":2}},"1":{"start":{"line":2,"column":18},"end":{"line":9,"column":4}},"2":{"start":{"line":11,"column":2},"end":{"line":11,"column":17}}},"fnMap":{"0":{"name":"(anonymous_0)","decl":{"start":{"line":1,"column":17},"end":{"line":1,"column":18}},"loc":{"start":{"line":1,"column":43},"end":{"line":12,"column":1}},"line":1}},"branchMap":{},"s":{"0":1,"1":1,"2":1},"f":{"0":1},"b":{},"_coverageSchema":"1a1c01bbd47fc00a2c39e90264f33305004495a9","hash":"d6ac90bd2c162b1498c8c7b2e2b5b94b1f8773fa"}
,"D:\\Projects\\demo\\car_wash_app\\backend_nodejs\\models\\index.js": {"path":"D:\\Projects\\demo\\car_wash_app\\backend_nodejs\\models\\index.js","statementMap":{"0":{"start":{"line":1,"column":17},"end":{"line":1,"column":47}},"1":{"start":{"line":3,"column":18},"end":{"line":3,"column":38}},"2":{"start":{"line":4,"column":18},"end":{"line":16,"column":2}},"3":{"start":{"line":18,"column":11},"end":{"line":18,"column":13}},"4":{"start":{"line":20,"column":0},"end":{"line":20,"column":25}},"5":{"start":{"line":21,"column":0},"end":{"line":21,"column":25}},"6":{"start":{"line":23,"column":0},"end":{"line":23,"column":61}},"7":{"start":{"line":24,"column":0},"end":{"line":24,"column":55}},"8":{"start":{"line":25,"column":0},"end":{"line":25,"column":66}},"9":{"start":{"line":26,"column":0},"end":{"line":26,"column":65}},"10":{"start":{"line":27,"column":0},"end":{"line":27,"column":59}},"11":{"start":{"line":28,"column":0},"end":{"line":28,"column":67}},"12":{"start":{"line":29,"column":0},"end":{"line":29,"column":57}},"13":{"start":{"line":31,"column":0},"end":{"line":31,"column":20}}},"fnMap":{},"branchMap":{},"s":{"0":1,"1":1,"2":1,"3":1,"4":1,"5":1,"6":1,"7":1,"8":1,"9":1,"10":1,"11":1,"12":1,"13":1},"f":{},"b":{},"_coverageSchema":"1a1c01bbd47fc00a2c39e90264f33305004495a9","hash":"d16f58e9de38bfe31188c0939383723c1c28e3b4"}
,"D:\\Projects\\demo\\car_wash_app\\backend_nodejs\\models\\member.model.js": {"path":"D:\\Projects\\demo\\car_wash_app\\backend_nodejs\\models\\member.model.js","statementMap":{"0":{"start":{"line":1,"column":0},"end":{"line":14,"column":4}},"1":{"start":{"line":2,"column":19},"end":{"line":12,"column":6}},"2":{"start":{"line":13,"column":4},"end":{"line":13,"column":18}}},"fnMap":{"0":{"name":"(anonymous_0)","decl":{"start":{"line":1,"column":17},"end":{"line":1,"column":18}},"loc":{"start":{"line":1,"column":43},"end":{"line":14,"column":3}},"line":1}},"branchMap":{},"s":{"0":1,"1":1,"2":1},"f":{"0":1},"b":{},"_coverageSchema":"1a1c01bbd47fc00a2c39e90264f33305004495a9","hash":"810128fcbfa8e966f6dc8aa7aa4878e5b99b0573"}
,"D:\\Projects\\demo\\car_wash_app\\backend_nodejs\\models\\price.model.js": {"path":"D:\\Projects\\demo\\car_wash_app\\backend_nodejs\\models\\price.model.js","statementMap":{"0":{"start":{"line":1,"column":0},"end":{"line":15,"column":2}},"1":{"start":{"line":2,"column":16},"end":{"line":12,"column":4}},"2":{"start":{"line":14,"column":2},"end":{"line":14,"column":15}}},"fnMap":{"0":{"name":"(anonymous_0)","decl":{"start":{"line":1,"column":17},"end":{"line":1,"column":18}},"loc":{"start":{"line":1,"column":43},"end":{"line":15,"column":1}},"line":1}},"branchMap":{},"s":{"0":1,"1":1,"2":1},"f":{"0":1},"b":{},"_coverageSchema":"1a1c01bbd47fc00a2c39e90264f33305004495a9","hash":"91f3a461b7dba65741377c8388af415979d0b97c"}
,"D:\\Projects\\demo\\car_wash_app\\backend_nodejs\\models\\user.model.js": {"path":"D:\\Projects\\demo\\car_wash_app\\backend_nodejs\\models\\user.model.js","statementMap":{"0":{"start":{"line":1,"column":0},"end":{"line":23,"column":2}},"1":{"start":{"line":2,"column":15},"end":{"line":21,"column":4}},"2":{"start":{"line":22,"column":2},"end":{"line":22,"column":14}}},"fnMap":{"0":{"name":"(anonymous_0)","decl":{"start":{"line":1,"column":17},"end":{"line":1,"column":18}},"loc":{"start":{"line":1,"column":43},"end":{"line":23,"column":1}},"line":1}},"branchMap":{},"s":{"0":1,"1":1,"2":1},"f":{"0":1},"b":{},"_coverageSchema":"1a1c01bbd47fc00a2c39e90264f33305004495a9","hash":"33bc4618190b183c5f2782aaa4f2e801f3b331ee"}
,"D:\\Projects\\demo\\car_wash_app\\backend_nodejs\\models\\wash_type.model.js": {"path":"D:\\Projects\\demo\\car_wash_app\\backend_nodejs\\models\\wash_type.model.js","statementMap":{"0":{"start":{"line":1,"column":0},"end":{"line":12,"column":2}},"1":{"start":{"line":2,"column":19},"end":{"line":9,"column":4}},"2":{"start":{"line":11,"column":2},"end":{"line":11,"column":18}}},"fnMap":{"0":{"name":"(anonymous_0)","decl":{"start":{"line":1,"column":17},"end":{"line":1,"column":18}},"loc":{"start":{"line":1,"column":43},"end":{"line":12,"column":1}},"line":1}},"branchMap":{},"s":{"0":1,"1":1,"2":1},"f":{"0":1},"b":{},"_coverageSchema":"1a1c01bbd47fc00a2c39e90264f33305004495a9","hash":"4694a72bba0b1084cc0dab2fd90b67bb2faaa94d"}
,"D:\\Projects\\demo\\car_wash_app\\backend_nodejs\\router\\api\\activitiesRouter.js": {"path":"D:\\Projects\\demo\\car_wash_app\\backend_nodejs\\router\\api\\activitiesRouter.js","statementMap":{"0":{"start":{"line":1,"column":14},"end":{"line":1,"column":32}},"1":{"start":{"line":2,"column":19},"end":{"line":2,"column":67}},"2":{"start":{"line":3,"column":13},"end":{"line":3,"column":29}},"3":{"start":{"line":5,"column":0},"end":{"line":5,"column":37}},"4":{"start":{"line":7,"column":0},"end":{"line":7,"column":45}},"5":{"start":{"line":9,"column":0},"end":{"line":9,"column":54}},"6":{"start":{"line":11,"column":0},"end":{"line":11,"column":24}}},"fnMap":{},"branchMap":{},"s":{"0":1,"1":1,"2":1,"3":1,"4":1,"5":1,"6":1},"f":{},"b":{},"_coverageSchema":"1a1c01bbd47fc00a2c39e90264f33305004495a9","hash":"33381b07be98b4528e1fe9b1223ec692d93ed1d1"}
,"D:\\Projects\\demo\\car_wash_app\\backend_nodejs\\router\\api\\carsRouter.js": {"path":"D:\\Projects\\demo\\car_wash_app\\backend_nodejs\\router\\api\\carsRouter.js","statementMap":{"0":{"start":{"line":1,"column":14},"end":{"line":1,"column":32}},"1":{"start":{"line":2,"column":13},"end":{"line":2,"column":56}},"2":{"start":{"line":3,"column":13},"end":{"line":3,"column":29}},"3":{"start":{"line":5,"column":0},"end":{"line":5,"column":30}},"4":{"start":{"line":7,"column":0},"end":{"line":7,"column":30}},"5":{"start":{"line":9,"column":0},"end":{"line":9,"column":33}},"6":{"start":{"line":11,"column":0},"end":{"line":11,"column":32}},"7":{"start":{"line":13,"column":0},"end":{"line":13,"column":35}},"8":{"start":{"line":15,"column":0},"end":{"line":15,"column":24}}},"fnMap":{},"branchMap":{},"s":{"0":1,"1":1,"2":1,"3":1,"4":1,"5":1,"6":1,"7":1,"8":1},"f":{},"b":{},"_coverageSchema":"1a1c01bbd47fc00a2c39e90264f33305004495a9","hash":"8e502f1a07a5d9f05a2cc8c4299cfd6e4e0e6d0a"}
,"D:\\Projects\\demo\\car_wash_app\\backend_nodejs\\router\\api\\initialRouter.js": {"path":"D:\\Projects\\demo\\car_wash_app\\backend_nodejs\\router\\api\\initialRouter.js","statementMap":{"0":{"start":{"line":1,"column":14},"end":{"line":1,"column":32}},"1":{"start":{"line":2,"column":15},"end":{"line":2,"column":34}},"2":{"start":{"line":3,"column":17},"end":{"line":3,"column":65}},"3":{"start":{"line":4,"column":18},"end":{"line":4,"column":67}},"4":{"start":{"line":5,"column":15},"end":{"line":5,"column":60}},"5":{"start":{"line":6,"column":14},"end":{"line":6,"column":58}},"6":{"start":{"line":7,"column":13},"end":{"line":7,"column":29}},"7":{"start":{"line":9,"column":0},"end":{"line":80,"column":3}},"8":{"start":{"line":10,"column":20},"end":{"line":10,"column":41}},"9":{"start":{"line":12,"column":21},"end":{"line":17,"column":3}},"10":{"start":{"line":19,"column":19},"end":{"line":36,"column":3}},"11":{"start":{"line":38,"column":19},"end":{"line":47,"column":4}},"12":{"start":{"line":39,"column":4},"end":{"line":46,"column":7}},"13":{"start":{"line":40,"column":6},"end":{"line":45,"column":7}},"14":{"start":{"line":41,"column":23},"end":{"line":41,"column":56}},"15":{"start":{"line":42,"column":8},"end":{"line":42,"column":24}},"16":{"start":{"line":44,"column":8},"end":{"line":44,"column":27}},"17":{"start":{"line":49,"column":19},"end":{"line":58,"column":4}},"18":{"start":{"line":50,"column":4},"end":{"line":57,"column":7}},"19":{"start":{"line":51,"column":6},"end":{"line":56,"column":7}},"20":{"start":{"line":52,"column":23},"end":{"line":52,"column":57}},"21":{"start":{"line":53,"column":8},"end":{"line":53,"column":24}},"22":{"start":{"line":55,"column":8},"end":{"line":55,"column":27}},"23":{"start":{"line":60,"column":2},"end":{"line":79,"column":7}},"24":{"start":{"line":62,"column":6},"end":{"line":75,"column":9}},"25":{"start":{"line":63,"column":8},"end":{"line":74,"column":9}},"26":{"start":{"line":64,"column":26},"end":{"line":64,"column":59}},"27":{"start":{"line":65,"column":27},"end":{"line":65,"column":61}},"28":{"start":{"line":67,"column":25},"end":{"line":71,"column":11}},"29":{"start":{"line":73,"column":10},"end":{"line":73,"column":29}},"30":{"start":{"line":78,"column":6},"end":{"line":78,"column":22}},"31":{"start":{"line":82,"column":0},"end":{"line":104,"column":3}},"32":{"start":{"line":83,"column":2},"end":{"line":103,"column":3}},"33":{"start":{"line":84,"column":21},"end":{"line":95,"column":6}},"34":{"start":{"line":85,"column":29},"end":{"line":85,"column":62}},"35":{"start":{"line":87,"column":21},"end":{"line":93,"column":7}},"36":{"start":{"line":94,"column":6},"end":{"line":94,"column":22}},"37":{"start":{"line":97,"column":4},"end":{"line":100,"column":9}},"38":{"start":{"line":99,"column":8},"end":{"line":99,"column":24}},"39":{"start":{"line":102,"column":4},"end":{"line":102,"column":23}},"40":{"start":{"line":106,"column":0},"end":{"line":106,"column":24}}},"fnMap":{"0":{"name":"(anonymous_0)","decl":{"start":{"line":9,"column":16},"end":{"line":9,"column":17}},"loc":{"start":{"line":9,"column":30},"end":{"line":80,"column":1}},"line":9},"1":{"name":"(anonymous_1)","decl":{"start":{"line":38,"column":31},"end":{"line":38,"column":32}},"loc":{"start":{"line":38,"column":52},"end":{"line":47,"column":3}},"line":38},"2":{"name":"(anonymous_2)","decl":{"start":{"line":39,"column":20},"end":{"line":39,"column":21}},"loc":{"start":{"line":39,"column":35},"end":{"line":46,"column":5}},"line":39},"3":{"name":"(anonymous_3)","decl":{"start":{"line":49,"column":31},"end":{"line":49,"column":32}},"loc":{"start":{"line":49,"column":52},"end":{"line":58,"column":3}},"line":49},"4":{"name":"(anonymous_4)","decl":{"start":{"line":50,"column":21},"end":{"line":50,"column":22}},"loc":{"start":{"line":50,"column":36},"end":{"line":57,"column":5}},"line":50},"5":{"name":"(anonymous_5)","decl":{"start":{"line":61,"column":10},"end":{"line":61,"column":11}},"loc":{"start":{"line":61,"column":20},"end":{"line":76,"column":5}},"line":61},"6":{"name":"(anonymous_6)","decl":{"start":{"line":62,"column":21},"end":{"line":62,"column":22}},"loc":{"start":{"line":62,"column":36},"end":{"line":75,"column":7}},"line":62},"7":{"name":"(anonymous_7)","decl":{"start":{"line":77,"column":13},"end":{"line":77,"column":14}},"loc":{"start":{"line":77,"column":19},"end":{"line":79,"column":5}},"line":77},"8":{"name":"(anonymous_8)","decl":{"start":{"line":82,"column":25},"end":{"line":82,"column":26}},"loc":{"start":{"line":82,"column":45},"end":{"line":104,"column":1}},"line":82},"9":{"name":"(anonymous_9)","decl":{"start":{"line":84,"column":33},"end":{"line":84,"column":34}},"loc":{"start":{"line":84,"column":60},"end":{"line":95,"column":5}},"line":84},"10":{"name":"(anonymous_10)","decl":{"start":{"line":98,"column":15},"end":{"line":98,"column":16}},"loc":{"start":{"line":98,"column":21},"end":{"line":100,"column":7}},"line":98}},"branchMap":{},"s":{"0":1,"1":1,"2":1,"3":1,"4":1,"5":1,"6":1,"7":1,"8":0,"9":0,"10":0,"11":0,"12":0,"13":0,"14":0,"15":0,"16":0,"17":0,"18":0,"19":0,"20":0,"21":0,"22":0,"23":0,"24":0,"25":0,"26":0,"27":0,"28":0,"29":0,"30":0,"31":1,"32":0,"33":0,"34":0,"35":0,"36":0,"37":0,"38":0,"39":0,"40":1},"f":{"0":0,"1":0,"2":0,"3":0,"4":0,"5":0,"6":0,"7":0,"8":0,"9":0,"10":0},"b":{},"_coverageSchema":"1a1c01bbd47fc00a2c39e90264f33305004495a9","hash":"e633bd1fb14fd6701782f25ad65c49a6d0de208c"}
,"D:\\Projects\\demo\\car_wash_app\\backend_nodejs\\router\\api\\priceRouter.js": {"path":"D:\\Projects\\demo\\car_wash_app\\backend_nodejs\\router\\api\\priceRouter.js","statementMap":{"0":{"start":{"line":1,"column":14},"end":{"line":1,"column":32}},"1":{"start":{"line":2,"column":15},"end":{"line":2,"column":60}},"2":{"start":{"line":3,"column":13},"end":{"line":3,"column":29}},"3":{"start":{"line":5,"column":0},"end":{"line":5,"column":74}},"4":{"start":{"line":7,"column":0},"end":{"line":7,"column":38}},"5":{"start":{"line":9,"column":0},"end":{"line":9,"column":32}},"6":{"start":{"line":11,"column":0},"end":{"line":11,"column":24}}},"fnMap":{},"branchMap":{},"s":{"0":1,"1":1,"2":1,"3":1,"4":1,"5":1,"6":1},"f":{},"b":{},"_coverageSchema":"1a1c01bbd47fc00a2c39e90264f33305004495a9","hash":"51c4eb17fa15d146c7365c6354a236fc5c9de5b1"}
,"D:\\Projects\\demo\\car_wash_app\\backend_nodejs\\router\\api\\sizecarRouter.js": {"path":"D:\\Projects\\demo\\car_wash_app\\backend_nodejs\\router\\api\\sizecarRouter.js","statementMap":{"0":{"start":{"line":1,"column":14},"end":{"line":1,"column":32}},"1":{"start":{"line":2,"column":17},"end":{"line":2,"column":65}},"2":{"start":{"line":3,"column":13},"end":{"line":3,"column":29}},"3":{"start":{"line":5,"column":0},"end":{"line":5,"column":40}},"4":{"start":{"line":7,"column":0},"end":{"line":7,"column":34}},"5":{"start":{"line":9,"column":0},"end":{"line":9,"column":24}}},"fnMap":{},"branchMap":{},"s":{"0":1,"1":1,"2":1,"3":1,"4":1,"5":1},"f":{},"b":{},"_coverageSchema":"1a1c01bbd47fc00a2c39e90264f33305004495a9","hash":"047579117bd9593da1d263dbf20b724ff835b2e4"}
,"D:\\Projects\\demo\\car_wash_app\\backend_nodejs\\router\\api\\userRouter.js": {"path":"D:\\Projects\\demo\\car_wash_app\\backend_nodejs\\router\\api\\userRouter.js","statementMap":{"0":{"start":{"line":1,"column":14},"end":{"line":1,"column":32}},"1":{"start":{"line":2,"column":14},"end":{"line":2,"column":58}},"2":{"start":{"line":3,"column":13},"end":{"line":3,"column":29}},"3":{"start":{"line":5,"column":0},"end":{"line":5,"column":35}},"4":{"start":{"line":7,"column":0},"end":{"line":7,"column":24}}},"fnMap":{},"branchMap":{},"s":{"0":1,"1":1,"2":1,"3":1,"4":1},"f":{},"b":{},"_coverageSchema":"1a1c01bbd47fc00a2c39e90264f33305004495a9","hash":"e633260205814147d136d17197970c0ae3d65af3"}
,"D:\\Projects\\demo\\car_wash_app\\backend_nodejs\\router\\api\\washcarRouter.js": {"path":"D:\\Projects\\demo\\car_wash_app\\backend_nodejs\\router\\api\\washcarRouter.js","statementMap":{"0":{"start":{"line":1,"column":14},"end":{"line":1,"column":32}},"1":{"start":{"line":2,"column":19},"end":{"line":2,"column":61}},"2":{"start":{"line":3,"column":13},"end":{"line":3,"column":29}},"3":{"start":{"line":4,"column":13},"end":{"line":4,"column":56}},"4":{"start":{"line":5,"column":19},"end":{"line":5,"column":67}},"5":{"start":{"line":6,"column":0},"end":{"line":8,"column":3}},"6":{"start":{"line":7,"column":2},"end":{"line":7,"column":26}},"7":{"start":{"line":14,"column":0},"end":{"line":62,"column":3}},"8":{"start":{"line":15,"column":2},"end":{"line":60,"column":3}},"9":{"start":{"line":16,"column":21},"end":{"line":16,"column":29}},"10":{"start":{"line":19,"column":4},"end":{"line":29,"column":5}},"11":{"start":{"line":28,"column":6},"end":{"line":28,"column":52}},"12":{"start":{"line":32,"column":20},"end":{"line":35,"column":5}},"13":{"start":{"line":38,"column":4},"end":{"line":50,"column":5}},"14":{"start":{"line":39,"column":21},"end":{"line":43,"column":7}},"15":{"start":{"line":45,"column":6},"end":{"line":45,"column":24}},"16":{"start":{"line":48,"column":6},"end":{"line":48,"column":28}},"17":{"start":{"line":52,"column":4},"end":{"line":56,"column":5}},"18":{"start":{"line":53,"column":21},"end":{"line":54,"column":51}},"19":{"start":{"line":55,"column":6},"end":{"line":55,"column":35}},"20":{"start":{"line":59,"column":6},"end":{"line":59,"column":25}},"21":{"start":{"line":63,"column":0},"end":{"line":63,"column":24}}},"fnMap":{"0":{"name":"(anonymous_0)","decl":{"start":{"line":6,"column":16},"end":{"line":6,"column":17}},"loc":{"start":{"line":6,"column":36},"end":{"line":8,"column":1}},"line":6},"1":{"name":"(anonymous_1)","decl":{"start":{"line":14,"column":23},"end":{"line":14,"column":24}},"loc":{"start":{"line":14,"column":49},"end":{"line":62,"column":1}},"line":14}},"branchMap":{"0":{"loc":{"start":{"line":19,"column":4},"end":{"line":29,"column":5}},"type":"if","locations":[{"start":{"line":19,"column":4},"end":{"line":29,"column":5}},{"start":{},"end":{}}],"line":19},"1":{"loc":{"start":{"line":21,"column":8},"end":{"line":25,"column":22}},"type":"binary-expr","locations":[{"start":{"line":21,"column":8},"end":{"line":21,"column":28}},{"start":{"line":22,"column":8},"end":{"line":22,"column":21}},{"start":{"line":23,"column":8},"end":{"line":23,"column":23}},{"start":{"line":24,"column":8},"end":{"line":24,"column":27}},{"start":{"line":25,"column":8},"end":{"line":25,"column":22}}],"line":21},"2":{"loc":{"start":{"line":38,"column":4},"end":{"line":50,"column":5}},"type":"if","locations":[{"start":{"line":38,"column":4},"end":{"line":50,"column":5}},{"start":{"line":46,"column":11},"end":{"line":50,"column":5}}],"line":38},"3":{"loc":{"start":{"line":52,"column":4},"end":{"line":56,"column":5}},"type":"if","locations":[{"start":{"line":52,"column":4},"end":{"line":56,"column":5}},{"start":{},"end":{}}],"line":52}},"s":{"0":1,"1":1,"2":1,"3":1,"4":1,"5":1,"6":0,"7":1,"8":0,"9":0,"10":0,"11":0,"12":0,"13":0,"14":0,"15":0,"16":0,"17":0,"18":0,"19":0,"20":0,"21":1},"f":{"0":0,"1":0},"b":{"0":[0,0],"1":[0,0,0,0,0],"2":[0,0],"3":[0,0]},"_coverageSchema":"1a1c01bbd47fc00a2c39e90264f33305004495a9","hash":"7e4c5263d76449d597fbe4afaaf1d4c99b8dbebd"}
,"D:\\Projects\\demo\\car_wash_app\\backend_nodejs\\router\\api\\washtypeRouter.js": {"path":"D:\\Projects\\demo\\car_wash_app\\backend_nodejs\\router\\api\\washtypeRouter.js","statementMap":{"0":{"start":{"line":1,"column":14},"end":{"line":1,"column":32}},"1":{"start":{"line":2,"column":19},"end":{"line":2,"column":61}},"2":{"start":{"line":3,"column":18},"end":{"line":3,"column":67}},"3":{"start":{"line":4,"column":13},"end":{"line":4,"column":29}},"4":{"start":{"line":6,"column":0},"end":{"line":6,"column":41}},"5":{"start":{"line":8,"column":0},"end":{"line":8,"column":35}},"6":{"start":{"line":10,"column":0},"end":{"line":10,"column":24}}},"fnMap":{},"branchMap":{},"s":{"0":1,"1":1,"2":1,"3":1,"4":1,"5":1,"6":1},"f":{},"b":{},"_coverageSchema":"1a1c01bbd47fc00a2c39e90264f33305004495a9","hash":"60a811fbf61e14948b021e73910f228f33a9994a"}
}
