TN:
SF:index.js
FN:23,(anonymous_0)
FN:26,(anonymous_1)
FN:44,(anonymous_2)
FN:48,(anonymous_3)
FNF:4
FNH:1
FNDA:1,(anonymous_0)
FNDA:0,(anonymous_1)
FNDA:0,(anonymous_2)
FNDA:0,(anonymous_3)
DA:1,1
DA:2,1
DA:3,1
DA:4,1
DA:5,1
DA:6,1
DA:7,1
DA:8,1
DA:9,1
DA:10,1
DA:11,1
DA:12,1
DA:13,1
DA:15,1
DA:16,1
DA:18,1
DA:21,1
DA:22,1
DA:27,0
DA:32,1
DA:33,1
DA:35,1
DA:36,1
DA:37,1
DA:38,1
DA:39,1
DA:40,1
DA:41,1
DA:42,1
DA:44,1
DA:45,0
DA:48,1
DA:49,0
DA:52,1
LF:34
LH:31
BRF:0
BRH:0
end_of_record
TN:
SF:config\databaseConnection.js
FNF:0
FNH:0
DA:1,1
DA:2,1
DA:3,1
DA:11,1
DA:15,1
LF:5
LH:5
BRF:0
BRH:0
end_of_record
TN:
SF:config\db.config.js
FNF:0
FNH:0
DA:1,1
DA:2,1
LF:2
LH:2
BRF:0
BRH:0
end_of_record
TN:
SF:controllers\activity.controller.js
FN:7,(anonymous_0)
FN:34,(anonymous_1)
FN:37,(anonymous_2)
FN:46,(anonymous_3)
FN:51,(anonymous_4)
FN:54,(anonymous_5)
FN:63,(anonymous_6)
FN:67,(anonymous_7)
FN:76,(anonymous_8)
FN:84,(anonymous_9)
FN:90,(anonymous_10)
FN:101,(anonymous_11)
FN:109,(anonymous_12)
FN:115,(anonymous_13)
FN:126,(anonymous_14)
FN:134,(anonymous_15)
FN:139,(anonymous_16)
FN:142,(anonymous_17)
FN:150,(anonymous_18)
FN:167,(anonymous_19)
FN:200,(anonymous_20)
FN:219,(anonymous_21)
FNF:22
FNH:0
FNDA:0,(anonymous_0)
FNDA:0,(anonymous_1)
FNDA:0,(anonymous_2)
FNDA:0,(anonymous_3)
FNDA:0,(anonymous_4)
FNDA:0,(anonymous_5)
FNDA:0,(anonymous_6)
FNDA:0,(anonymous_7)
FNDA:0,(anonymous_8)
FNDA:0,(anonymous_9)
FNDA:0,(anonymous_10)
FNDA:0,(anonymous_11)
FNDA:0,(anonymous_12)
FNDA:0,(anonymous_13)
FNDA:0,(anonymous_14)
FNDA:0,(anonymous_15)
FNDA:0,(anonymous_16)
FNDA:0,(anonymous_17)
FNDA:0,(anonymous_18)
FNDA:0,(anonymous_19)
FNDA:0,(anonymous_20)
FNDA:0,(anonymous_21)
DA:1,1
DA:2,1
DA:3,1
DA:4,1
DA:7,1
DA:9,0
DA:10,0
DA:13,0
DA:16,0
DA:17,0
DA:20,0
DA:24,0
DA:33,0
DA:35,0
DA:38,0
DA:46,1
DA:47,0
DA:48,0
DA:50,0
DA:52,0
DA:55,0
DA:63,1
DA:64,0
DA:66,0
DA:68,0
DA:69,0
DA:71,0
DA:77,0
DA:84,1
DA:85,0
DA:87,0
DA:91,0
DA:92,0
DA:96,0
DA:102,0
DA:109,1
DA:110,0
DA:112,0
DA:116,0
DA:117,0
DA:121,0
DA:127,0
DA:134,1
DA:135,0
DA:140,0
DA:143,0
DA:150,1
DA:151,0
DA:157,0
DA:158,0
DA:160,0
DA:167,1
DA:169,0
DA:170,0
DA:173,0
DA:174,0
DA:177,0
DA:178,0
DA:182,0
DA:191,0
DA:192,0
DA:193,0
DA:194,0
DA:196,0
DA:200,1
DA:201,0
DA:202,0
DA:209,0
DA:210,0
DA:212,0
DA:219,1
DA:220,0
DA:221,0
DA:222,0
DA:224,0
DA:226,0
DA:228,0
DA:230,0
DA:233,0
LF:79
LH:14
BRDA:9,0,0,0
BRDA:9,0,1,0
BRDA:16,1,0,0
BRDA:16,1,1,0
BRDA:40,2,0,0
BRDA:40,2,1,0
BRDA:48,3,0,0
BRDA:48,3,1,0
BRDA:57,4,0,0
BRDA:57,4,1,0
BRDA:68,5,0,0
BRDA:68,5,1,0
BRDA:91,6,0,0
BRDA:91,6,1,0
BRDA:116,7,0,0
BRDA:116,7,1,0
BRDA:145,8,0,0
BRDA:145,8,1,0
BRDA:157,9,0,0
BRDA:157,9,1,0
BRDA:169,10,0,0
BRDA:169,10,1,0
BRDA:173,11,0,0
BRDA:173,11,1,0
BRDA:177,12,0,0
BRDA:177,12,1,0
BRDA:192,13,0,0
BRDA:192,13,1,0
BRDA:209,14,0,0
BRDA:209,14,1,0
BRF:30
BRH:0
end_of_record
TN:
SF:controllers\car.controller.js
FN:6,(anonymous_0)
FN:39,(anonymous_1)
FN:42,(anonymous_2)
FN:50,(anonymous_3)
FN:57,(anonymous_4)
FN:60,(anonymous_5)
FN:68,(anonymous_6)
FN:72,(anonymous_7)
FN:81,(anonymous_8)
FN:89,(anonymous_9)
FN:92,(anonymous_10)
FN:99,(anonymous_11)
FN:110,(anonymous_12)
FN:118,(anonymous_13)
FN:124,(anonymous_14)
FN:135,(anonymous_15)
FN:143,(anonymous_16)
FN:148,(anonymous_17)
FN:151,(anonymous_18)
FN:159,(anonymous_19)
FN:174,(anonymous_20)
FNF:21
FNH:7
FNDA:5,(anonymous_0)
FNDA:2,(anonymous_1)
FNDA:0,(anonymous_2)
FNDA:1,(anonymous_3)
FNDA:1,(anonymous_4)
FNDA:0,(anonymous_5)
FNDA:2,(anonymous_6)
FNDA:2,(anonymous_7)
FNDA:0,(anonymous_8)
FNDA:3,(anonymous_9)
FNDA:0,(anonymous_10)
FNDA:0,(anonymous_11)
FNDA:0,(anonymous_12)
FNDA:0,(anonymous_13)
FNDA:0,(anonymous_14)
FNDA:0,(anonymous_15)
FNDA:0,(anonymous_16)
FNDA:0,(anonymous_17)
FNDA:0,(anonymous_18)
FNDA:0,(anonymous_19)
FNDA:0,(anonymous_20)
DA:1,1
DA:2,1
DA:3,1
DA:6,1
DA:8,5
DA:9,1
DA:12,1
DA:15,4
DA:16,1
DA:19,1
DA:22,3
DA:23,1
DA:26,1
DA:30,2
DA:38,2
DA:40,2
DA:43,0
DA:50,1
DA:51,1
DA:52,1
DA:56,1
DA:58,1
DA:61,0
DA:68,1
DA:69,2
DA:71,2
DA:73,2
DA:74,1
DA:76,1
DA:82,0
DA:89,1
DA:90,3
DA:92,3
DA:93,0
DA:96,0
DA:100,0
DA:101,0
DA:105,0
DA:111,0
DA:118,1
DA:119,0
DA:121,0
DA:125,0
DA:126,0
DA:130,0
DA:136,0
DA:143,1
DA:144,0
DA:149,0
DA:152,0
DA:159,1
DA:160,0
DA:165,0
DA:166,0
DA:167,0
DA:168,0
DA:170,0
DA:174,1
DA:176,0
DA:177,0
DA:180,0
DA:183,0
DA:184,0
DA:187,0
DA:190,0
DA:191,0
DA:194,0
DA:198,0
DA:206,0
DA:207,0
DA:208,0
DA:209,0
DA:211,0
LF:73
LH:34
BRDA:8,0,0,1
BRDA:8,0,1,4
BRDA:15,1,0,1
BRDA:15,1,1,3
BRDA:22,2,0,1
BRDA:22,2,1,2
BRDA:44,3,0,0
BRDA:44,3,1,0
BRDA:52,4,0,0
BRDA:52,4,1,1
BRDA:62,5,0,0
BRDA:62,5,1,0
BRDA:73,6,0,1
BRDA:73,6,1,1
BRDA:100,7,0,0
BRDA:100,7,1,0
BRDA:125,8,0,0
BRDA:125,8,1,0
BRDA:154,9,0,0
BRDA:154,9,1,0
BRDA:166,10,0,0
BRDA:166,10,1,0
BRDA:176,11,0,0
BRDA:176,11,1,0
BRDA:183,12,0,0
BRDA:183,12,1,0
BRDA:190,13,0,0
BRDA:190,13,1,0
BRDA:207,14,0,0
BRDA:207,14,1,0
BRF:30
BRH:9
end_of_record
TN:
SF:controllers\car_size.controller.js
FN:6,(anonymous_0)
FN:30,(anonymous_1)
FN:33,(anonymous_2)
FN:41,(anonymous_3)
FN:46,(anonymous_4)
FN:49,(anonymous_5)
FN:57,(anonymous_6)
FN:61,(anonymous_7)
FN:70,(anonymous_8)
FN:78,(anonymous_9)
FN:84,(anonymous_10)
FN:95,(anonymous_11)
FN:103,(anonymous_12)
FN:109,(anonymous_13)
FN:120,(anonymous_14)
FN:128,(anonymous_15)
FN:133,(anonymous_16)
FN:136,(anonymous_17)
FN:144,(anonymous_18)
FN:177,(anonymous_19)
FNF:20
FNH:0
FNDA:0,(anonymous_0)
FNDA:0,(anonymous_1)
FNDA:0,(anonymous_2)
FNDA:0,(anonymous_3)
FNDA:0,(anonymous_4)
FNDA:0,(anonymous_5)
FNDA:0,(anonymous_6)
FNDA:0,(anonymous_7)
FNDA:0,(anonymous_8)
FNDA:0,(anonymous_9)
FNDA:0,(anonymous_10)
FNDA:0,(anonymous_11)
FNDA:0,(anonymous_12)
FNDA:0,(anonymous_13)
FNDA:0,(anonymous_14)
FNDA:0,(anonymous_15)
FNDA:0,(anonymous_16)
FNDA:0,(anonymous_17)
FNDA:0,(anonymous_18)
FNDA:0,(anonymous_19)
DA:1,1
DA:2,1
DA:3,1
DA:6,1
DA:8,0
DA:9,0
DA:12,0
DA:15,0
DA:16,0
DA:19,0
DA:23,0
DA:29,0
DA:31,0
DA:34,0
DA:41,1
DA:42,0
DA:43,0
DA:45,0
DA:47,0
DA:50,0
DA:57,1
DA:58,0
DA:60,0
DA:62,0
DA:63,0
DA:65,0
DA:71,0
DA:78,1
DA:79,0
DA:81,0
DA:85,0
DA:86,0
DA:90,0
DA:96,0
DA:103,1
DA:104,0
DA:106,0
DA:110,0
DA:111,0
DA:115,0
DA:121,0
DA:128,1
DA:129,0
DA:134,0
DA:137,0
DA:144,1
DA:147,0
DA:148,0
DA:151,0
DA:154,0
DA:155,0
DA:158,0
DA:162,0
DA:168,0
DA:169,0
DA:170,0
DA:171,0
DA:173,0
DA:177,1
DA:178,0
DA:179,0
LF:61
LH:11
BRDA:8,0,0,0
BRDA:8,0,1,0
BRDA:15,1,0,0
BRDA:15,1,1,0
BRDA:35,2,0,0
BRDA:35,2,1,0
BRDA:43,3,0,0
BRDA:43,3,1,0
BRDA:51,4,0,0
BRDA:51,4,1,0
BRDA:62,5,0,0
BRDA:62,5,1,0
BRDA:85,6,0,0
BRDA:85,6,1,0
BRDA:110,7,0,0
BRDA:110,7,1,0
BRDA:139,8,0,0
BRDA:139,8,1,0
BRDA:147,9,0,0
BRDA:147,9,1,0
BRDA:154,10,0,0
BRDA:154,10,1,0
BRDA:169,11,0,0
BRDA:169,11,1,0
BRF:24
BRH:0
end_of_record
TN:
SF:controllers\price.controller.js
FN:6,(anonymous_0)
FN:31,(anonymous_1)
FN:34,(anonymous_2)
FN:43,(anonymous_3)
FN:48,(anonymous_4)
FN:51,(anonymous_5)
FN:59,(anonymous_6)
FN:70,(anonymous_7)
FN:73,(anonymous_8)
FN:82,(anonymous_9)
FN:86,(anonymous_10)
FN:95,(anonymous_11)
FN:103,(anonymous_12)
FN:109,(anonymous_13)
FN:120,(anonymous_14)
FN:128,(anonymous_15)
FN:134,(anonymous_16)
FN:145,(anonymous_17)
FN:153,(anonymous_18)
FN:158,(anonymous_19)
FN:161,(anonymous_20)
FN:169,(anonymous_21)
FNF:22
FNH:0
FNDA:0,(anonymous_0)
FNDA:0,(anonymous_1)
FNDA:0,(anonymous_2)
FNDA:0,(anonymous_3)
FNDA:0,(anonymous_4)
FNDA:0,(anonymous_5)
FNDA:0,(anonymous_6)
FNDA:0,(anonymous_7)
FNDA:0,(anonymous_8)
FNDA:0,(anonymous_9)
FNDA:0,(anonymous_10)
FNDA:0,(anonymous_11)
FNDA:0,(anonymous_12)
FNDA:0,(anonymous_13)
FNDA:0,(anonymous_14)
FNDA:0,(anonymous_15)
FNDA:0,(anonymous_16)
FNDA:0,(anonymous_17)
FNDA:0,(anonymous_18)
FNDA:0,(anonymous_19)
FNDA:0,(anonymous_20)
FNDA:0,(anonymous_21)
DA:1,1
DA:2,1
DA:3,1
DA:6,1
DA:8,0
DA:9,0
DA:12,0
DA:15,0
DA:16,0
DA:19,0
DA:23,0
DA:30,0
DA:32,0
DA:35,0
DA:43,1
DA:44,0
DA:45,0
DA:47,0
DA:49,0
DA:52,0
DA:59,1
DA:60,0
DA:61,0
DA:62,0
DA:63,0
DA:64,0
DA:69,0
DA:71,0
DA:74,0
DA:82,1
DA:83,0
DA:85,0
DA:87,0
DA:88,0
DA:90,0
DA:96,0
DA:103,1
DA:104,0
DA:106,0
DA:110,0
DA:111,0
DA:115,0
DA:121,0
DA:128,1
DA:129,0
DA:131,0
DA:135,0
DA:136,0
DA:140,0
DA:146,0
DA:153,1
DA:154,0
DA:159,0
DA:162,0
DA:169,1
DA:171,0
DA:172,0
DA:175,0
DA:176,0
DA:179,0
DA:180,0
DA:184,0
DA:191,0
DA:192,0
DA:193,0
DA:194,0
DA:196,0
LF:67
LH:11
BRDA:8,0,0,0
BRDA:8,0,1,0
BRDA:15,1,0,0
BRDA:15,1,1,0
BRDA:37,2,0,0
BRDA:37,2,1,0
BRDA:45,3,0,0
BRDA:45,3,1,0
BRDA:54,4,0,0
BRDA:54,4,1,0
BRDA:75,5,0,0
BRDA:75,5,1,0
BRDA:87,6,0,0
BRDA:87,6,1,0
BRDA:110,7,0,0
BRDA:110,7,1,0
BRDA:135,8,0,0
BRDA:135,8,1,0
BRDA:164,9,0,0
BRDA:164,9,1,0
BRDA:171,10,0,0
BRDA:171,10,1,0
BRDA:175,11,0,0
BRDA:175,11,1,0
BRDA:179,12,0,0
BRDA:179,12,1,0
BRDA:192,13,0,0
BRDA:192,13,1,0
BRF:28
BRH:0
end_of_record
TN:
SF:controllers\user.controller.js
FN:9,(anonymous_0)
FN:42,(anonymous_1)
FN:45,(anonymous_2)
FN:53,(anonymous_3)
FN:60,(anonymous_4)
FN:63,(anonymous_5)
FN:71,(anonymous_6)
FN:75,(anonymous_7)
FN:84,(anonymous_8)
FN:92,(anonymous_9)
FN:98,(anonymous_10)
FN:109,(anonymous_11)
FN:117,(anonymous_12)
FN:123,(anonymous_13)
FN:134,(anonymous_14)
FN:142,(anonymous_15)
FN:147,(anonymous_16)
FN:150,(anonymous_17)
FN:157,(anonymous_18)
FN:214,(anonymous_19)
FN:231,(anonymous_20)
FNF:21
FNH:0
FNDA:0,(anonymous_0)
FNDA:0,(anonymous_1)
FNDA:0,(anonymous_2)
FNDA:0,(anonymous_3)
FNDA:0,(anonymous_4)
FNDA:0,(anonymous_5)
FNDA:0,(anonymous_6)
FNDA:0,(anonymous_7)
FNDA:0,(anonymous_8)
FNDA:0,(anonymous_9)
FNDA:0,(anonymous_10)
FNDA:0,(anonymous_11)
FNDA:0,(anonymous_12)
FNDA:0,(anonymous_13)
FNDA:0,(anonymous_14)
FNDA:0,(anonymous_15)
FNDA:0,(anonymous_16)
FNDA:0,(anonymous_17)
FNDA:0,(anonymous_18)
FNDA:0,(anonymous_19)
FNDA:0,(anonymous_20)
DA:1,1
DA:2,1
DA:3,1
DA:4,1
DA:5,1
DA:6,1
DA:9,1
DA:11,0
DA:12,0
DA:15,0
DA:18,0
DA:19,0
DA:22,0
DA:25,0
DA:26,0
DA:29,0
DA:33,0
DA:41,0
DA:43,0
DA:46,0
DA:53,1
DA:54,0
DA:55,0
DA:59,0
DA:61,0
DA:64,0
DA:71,1
DA:72,0
DA:74,0
DA:76,0
DA:77,0
DA:79,0
DA:85,0
DA:92,1
DA:93,0
DA:95,0
DA:99,0
DA:100,0
DA:104,0
DA:110,0
DA:117,1
DA:118,0
DA:120,0
DA:124,0
DA:125,0
DA:129,0
DA:135,0
DA:142,1
DA:143,0
DA:148,0
DA:151,0
DA:157,1
DA:159,0
DA:160,0
DA:163,0
DA:166,0
DA:167,0
DA:170,0
DA:173,0
DA:174,0
DA:177,0
DA:180,0
DA:181,0
DA:184,0
DA:187,0
DA:188,0
DA:191,0
DA:195,0
DA:204,0
DA:205,0
DA:206,0
DA:207,0
DA:209,0
DA:214,1
DA:215,0
DA:216,0
DA:217,0
DA:219,0
DA:221,0
DA:223,0
DA:225,0
DA:227,0
DA:231,1
DA:232,0
DA:233,0
DA:236,0
DA:237,0
DA:240,0
DA:243,0
DA:244,0
DA:247,0
DA:250,0
DA:252,0
DA:253,0
DA:259,0
DA:260,0
DA:261,0
DA:264,0
DA:266,0
LF:99
LH:15
BRDA:11,0,0,0
BRDA:11,0,1,0
BRDA:18,1,0,0
BRDA:18,1,1,0
BRDA:25,2,0,0
BRDA:25,2,1,0
BRDA:47,3,0,0
BRDA:47,3,1,0
BRDA:55,4,0,0
BRDA:55,4,1,0
BRDA:65,5,0,0
BRDA:65,5,1,0
BRDA:76,6,0,0
BRDA:76,6,1,0
BRDA:99,7,0,0
BRDA:99,7,1,0
BRDA:124,8,0,0
BRDA:124,8,1,0
BRDA:152,9,0,0
BRDA:152,9,1,0
BRDA:159,10,0,0
BRDA:159,10,1,0
BRDA:166,11,0,0
BRDA:166,11,1,0
BRDA:173,12,0,0
BRDA:173,12,1,0
BRDA:180,13,0,0
BRDA:180,13,1,0
BRDA:187,14,0,0
BRDA:187,14,1,0
BRDA:205,15,0,0
BRDA:205,15,1,0
BRDA:236,16,0,0
BRDA:236,16,1,0
BRDA:243,17,0,0
BRDA:243,17,1,0
BRDA:252,18,0,0
BRDA:252,18,1,0
BRDA:252,19,0,0
BRDA:252,19,1,0
BRF:40
BRH:0
end_of_record
TN:
SF:controllers\wash_type.controller.js
FN:6,(anonymous_0)
FN:30,(anonymous_1)
FN:33,(anonymous_2)
FN:42,(anonymous_3)
FN:47,(anonymous_4)
FN:50,(anonymous_5)
FN:59,(anonymous_6)
FN:63,(anonymous_7)
FN:72,(anonymous_8)
FN:80,(anonymous_9)
FN:86,(anonymous_10)
FN:97,(anonymous_11)
FN:105,(anonymous_12)
FN:111,(anonymous_13)
FN:122,(anonymous_14)
FN:130,(anonymous_15)
FN:135,(anonymous_16)
FN:138,(anonymous_17)
FN:146,(anonymous_18)
FN:179,(anonymous_19)
FNF:20
FNH:0
FNDA:0,(anonymous_0)
FNDA:0,(anonymous_1)
FNDA:0,(anonymous_2)
FNDA:0,(anonymous_3)
FNDA:0,(anonymous_4)
FNDA:0,(anonymous_5)
FNDA:0,(anonymous_6)
FNDA:0,(anonymous_7)
FNDA:0,(anonymous_8)
FNDA:0,(anonymous_9)
FNDA:0,(anonymous_10)
FNDA:0,(anonymous_11)
FNDA:0,(anonymous_12)
FNDA:0,(anonymous_13)
FNDA:0,(anonymous_14)
FNDA:0,(anonymous_15)
FNDA:0,(anonymous_16)
FNDA:0,(anonymous_17)
FNDA:0,(anonymous_18)
FNDA:0,(anonymous_19)
DA:1,1
DA:2,1
DA:3,1
DA:6,1
DA:8,0
DA:9,0
DA:12,0
DA:15,0
DA:16,0
DA:19,0
DA:23,0
DA:29,0
DA:31,0
DA:34,0
DA:42,1
DA:43,0
DA:44,0
DA:46,0
DA:48,0
DA:51,0
DA:59,1
DA:60,0
DA:62,0
DA:64,0
DA:65,0
DA:67,0
DA:73,0
DA:80,1
DA:81,0
DA:83,0
DA:87,0
DA:88,0
DA:92,0
DA:98,0
DA:105,1
DA:106,0
DA:108,0
DA:112,0
DA:113,0
DA:117,0
DA:123,0
DA:130,1
DA:131,0
DA:136,0
DA:139,0
DA:146,1
DA:149,0
DA:150,0
DA:153,0
DA:156,0
DA:157,0
DA:160,0
DA:164,0
DA:170,0
DA:171,0
DA:172,0
DA:173,0
DA:175,0
DA:179,1
DA:180,0
DA:181,0
LF:61
LH:11
BRDA:8,0,0,0
BRDA:8,0,1,0
BRDA:15,1,0,0
BRDA:15,1,1,0
BRDA:36,2,0,0
BRDA:36,2,1,0
BRDA:44,3,0,0
BRDA:44,3,1,0
BRDA:53,4,0,0
BRDA:53,4,1,0
BRDA:64,5,0,0
BRDA:64,5,1,0
BRDA:87,6,0,0
BRDA:87,6,1,0
BRDA:112,7,0,0
BRDA:112,7,1,0
BRDA:141,8,0,0
BRDA:141,8,1,0
BRDA:149,9,0,0
BRDA:149,9,1,0
BRDA:156,10,0,0
BRDA:156,10,1,0
BRDA:171,11,0,0
BRDA:171,11,1,0
BRF:24
BRH:0
end_of_record
TN:
SF:middleware\auth.js
FN:5,(anonymous_0)
FNF:1
FNH:0
FNDA:0,(anonymous_0)
DA:1,1
DA:2,1
DA:3,1
DA:5,1
DA:6,0
DA:8,0
DA:9,0
DA:12,0
DA:13,0
DA:15,0
DA:17,0
DA:20,0
DA:23,1
LF:13
LH:5
BRDA:6,0,0,0
BRDA:6,0,1,0
BRDA:6,0,2,0
BRDA:8,1,0,0
BRDA:8,1,1,0
BRF:5
BRH:0
end_of_record
TN:
SF:models\activity.model.js
FN:1,(anonymous_0)
FNF:1
FNH:1
FNDA:1,(anonymous_0)
DA:1,1
DA:2,1
DA:20,1
DA:21,1
LF:4
LH:4
BRF:0
BRH:0
end_of_record
TN:
SF:models\car.model.js
FN:1,(anonymous_0)
FNF:1
FNH:1
FNDA:1,(anonymous_0)
DA:1,1
DA:2,1
DA:17,1
LF:3
LH:3
BRF:0
BRH:0
end_of_record
TN:
SF:models\car_size.model.js
FN:1,(anonymous_0)
FNF:1
FNH:1
FNDA:1,(anonymous_0)
DA:1,1
DA:2,1
DA:11,1
LF:3
LH:3
BRF:0
BRH:0
end_of_record
TN:
SF:models\index.js
FNF:0
FNH:0
DA:1,1
DA:3,1
DA:4,1
DA:18,1
DA:20,1
DA:21,1
DA:23,1
DA:24,1
DA:25,1
DA:26,1
DA:27,1
DA:28,1
DA:29,1
DA:31,1
LF:14
LH:14
BRF:0
BRH:0
end_of_record
TN:
SF:models\member.model.js
FN:1,(anonymous_0)
FNF:1
FNH:1
FNDA:1,(anonymous_0)
DA:1,1
DA:2,1
DA:13,1
LF:3
LH:3
BRF:0
BRH:0
end_of_record
TN:
SF:models\price.model.js
FN:1,(anonymous_0)
FNF:1
FNH:1
FNDA:1,(anonymous_0)
DA:1,1
DA:2,1
DA:14,1
LF:3
LH:3
BRF:0
BRH:0
end_of_record
TN:
SF:models\user.model.js
FN:1,(anonymous_0)
FNF:1
FNH:1
FNDA:1,(anonymous_0)
DA:1,1
DA:2,1
DA:22,1
LF:3
LH:3
BRF:0
BRH:0
end_of_record
TN:
SF:models\wash_type.model.js
FN:1,(anonymous_0)
FNF:1
FNH:1
FNDA:1,(anonymous_0)
DA:1,1
DA:2,1
DA:11,1
LF:3
LH:3
BRF:0
BRH:0
end_of_record
TN:
SF:router\api\activitiesRouter.js
FNF:0
FNH:0
DA:1,1
DA:2,1
DA:3,1
DA:5,1
DA:7,1
DA:9,1
DA:11,1
LF:7
LH:7
BRF:0
BRH:0
end_of_record
TN:
SF:router\api\carsRouter.js
FNF:0
FNH:0
DA:1,1
DA:2,1
DA:3,1
DA:5,1
DA:7,1
DA:9,1
DA:11,1
DA:13,1
DA:15,1
LF:9
LH:9
BRF:0
BRH:0
end_of_record
TN:
SF:router\api\initialRouter.js
FN:9,(anonymous_0)
FN:38,(anonymous_1)
FN:39,(anonymous_2)
FN:49,(anonymous_3)
FN:50,(anonymous_4)
FN:61,(anonymous_5)
FN:62,(anonymous_6)
FN:77,(anonymous_7)
FN:82,(anonymous_8)
FN:84,(anonymous_9)
FN:98,(anonymous_10)
FNF:11
FNH:0
FNDA:0,(anonymous_0)
FNDA:0,(anonymous_1)
FNDA:0,(anonymous_2)
FNDA:0,(anonymous_3)
FNDA:0,(anonymous_4)
FNDA:0,(anonymous_5)
FNDA:0,(anonymous_6)
FNDA:0,(anonymous_7)
FNDA:0,(anonymous_8)
FNDA:0,(anonymous_9)
FNDA:0,(anonymous_10)
DA:1,1
DA:2,1
DA:3,1
DA:4,1
DA:5,1
DA:6,1
DA:7,1
DA:9,1
DA:10,0
DA:12,0
DA:19,0
DA:38,0
DA:39,0
DA:40,0
DA:41,0
DA:42,0
DA:44,0
DA:49,0
DA:50,0
DA:51,0
DA:52,0
DA:53,0
DA:55,0
DA:60,0
DA:62,0
DA:63,0
DA:64,0
DA:65,0
DA:67,0
DA:73,0
DA:78,0
DA:82,1
DA:83,0
DA:84,0
DA:85,0
DA:87,0
DA:94,0
DA:97,0
DA:99,0
DA:102,0
DA:106,1
LF:41
LH:10
BRF:0
BRH:0
end_of_record
TN:
SF:router\api\priceRouter.js
FNF:0
FNH:0
DA:1,1
DA:2,1
DA:3,1
DA:5,1
DA:7,1
DA:9,1
DA:11,1
LF:7
LH:7
BRF:0
BRH:0
end_of_record
TN:
SF:router\api\sizecarRouter.js
FNF:0
FNH:0
DA:1,1
DA:2,1
DA:3,1
DA:5,1
DA:7,1
DA:9,1
LF:6
LH:6
BRF:0
BRH:0
end_of_record
TN:
SF:router\api\userRouter.js
FNF:0
FNH:0
DA:1,1
DA:2,1
DA:3,1
DA:5,1
DA:7,1
LF:5
LH:5
BRF:0
BRH:0
end_of_record
TN:
SF:router\api\washcarRouter.js
FN:6,(anonymous_0)
FN:14,(anonymous_1)
FNF:2
FNH:0
FNDA:0,(anonymous_0)
FNDA:0,(anonymous_1)
DA:1,1
DA:2,1
DA:3,1
DA:4,1
DA:5,1
DA:6,1
DA:7,0
DA:14,1
DA:15,0
DA:16,0
DA:19,0
DA:28,0
DA:32,0
DA:38,0
DA:39,0
DA:45,0
DA:48,0
DA:52,0
DA:53,0
DA:55,0
DA:59,0
DA:63,1
LF:22
LH:8
BRDA:19,0,0,0
BRDA:19,0,1,0
BRDA:21,1,0,0
BRDA:21,1,1,0
BRDA:21,1,2,0
BRDA:21,1,3,0
BRDA:21,1,4,0
BRDA:38,2,0,0
BRDA:38,2,1,0
BRDA:52,3,0,0
BRDA:52,3,1,0
BRF:11
BRH:0
end_of_record
TN:
SF:router\api\washtypeRouter.js
FNF:0
FNH:0
DA:1,1
DA:2,1
DA:3,1
DA:4,1
DA:6,1
DA:8,1
DA:10,1
LF:7
LH:7
BRF:0
BRH:0
end_of_record
